2024-5-9 09:51:17 - log: Load engine in D:\Courses\Cocos\Cocos Creators\3.8.1\resources\resources\3d\engine
2024-5-9 09:51:17 - log: Register native engine in D:\Courses\Cocos\Cocos Creators\3.8.1\resources\resources\3d\engine\native
2024-5-9 09:51:29 - log: Profile changed: builder (log.level: undefined)
2024-5-9 09:51:37 - info: [PreviewInEditor] preview process is ready
2024-5-9 09:55:50 - info: [PreviewInEditor] [PHYSICS]: using builtin.
2024-5-9 09:55:50 - log: [PreviewInEditor] Cocos Creator v3.8.1
2024-5-9 09:55:50 - info: [PreviewInEditor] Forward render pipeline initialized.
2024-5-9 09:55:50 - info: [PreviewInEditor] [PHYSICS]: switch from builtin to bullet.
2024-5-9 09:55:50 - log: [PreviewInEditor] [PHYSICS2D]: switch from box2d-wasm to box2d.
2024-5-9 09:56:06 - info: [PreviewInEditor] preview process is ready
2024-5-9 09:57:46 - info: [PreviewInEditor] [PHYSICS]: using builtin.
2024-5-9 09:57:46 - log: [PreviewInEditor] Cocos Creator v3.8.1
2024-5-9 09:57:46 - info: [PreviewInEditor] Forward render pipeline initialized.
2024-5-9 09:57:46 - info: [PreviewInEditor] [PHYSICS]: switch from builtin to bullet.
2024-5-9 09:57:46 - log: [PreviewInEditor] [PHYSICS2D]: switch from box2d-wasm to box2d.
2024-5-9 09:57:49 - log: [PreviewInEditor] null
2024-5-9 09:57:49 - log: [PreviewInEditor] test01
2024-5-9 09:58:06 - info: [PreviewInEditor] preview process is ready
2024-5-9 09:58:07 - info: [PreviewInEditor] [PHYSICS]: using builtin.
2024-5-9 09:58:07 - log: [PreviewInEditor] Cocos Creator v3.8.1
2024-5-9 09:58:07 - info: [PreviewInEditor] Forward render pipeline initialized.
2024-5-9 09:58:07 - info: [PreviewInEditor] [PHYSICS]: switch from builtin to bullet.
2024-5-9 09:58:07 - log: [PreviewInEditor] [PHYSICS2D]: switch from box2d-wasm to box2d.
2024-5-9 09:58:11 - log: [PreviewInEditor] null
2024-5-9 09:58:11 - log: [PreviewInEditor] test02
2024-5-9 09:58:22 - info: [PreviewInEditor] preview process is ready
2024-5-9 09:58:22 - info: [PreviewInEditor] [PHYSICS]: using builtin.
2024-5-9 09:58:23 - log: [PreviewInEditor] Cocos Creator v3.8.1
2024-5-9 09:58:23 - info: [PreviewInEditor] Forward render pipeline initialized.
2024-5-9 09:58:23 - info: [PreviewInEditor] [PHYSICS]: switch from builtin to bullet.
2024-5-9 09:58:23 - log: [PreviewInEditor] [PHYSICS2D]: switch from box2d-wasm to box2d.
2024-5-9 09:58:28 - log: [PreviewInEditor] null
2024-5-9 09:58:28 - log: [PreviewInEditor] test03
2024-5-9 09:58:30 - log: [PreviewInEditor] null
2024-5-9 09:58:30 - log: [PreviewInEditor] 加载ab包完成，名称为：test03
2024-5-9 09:58:31 - log: [PreviewInEditor] 加载资源完成，名称为：1
2024-5-9 09:58:32 - log: [PreviewInEditor] 设置Sprite完成
2024-5-9 09:58:33 - log: [PreviewInEditor] 释放资源：1
2024-5-9 09:58:41 - info: [PreviewInEditor] preview process is ready
2024-5-9 10:05:46 - info: [PreviewInEditor] [PHYSICS]: using builtin.
2024-5-9 10:05:46 - log: [PreviewInEditor] Cocos Creator v3.8.1
2024-5-9 10:05:46 - info: [PreviewInEditor] Forward render pipeline initialized.
2024-5-9 10:05:46 - info: [PreviewInEditor] [PHYSICS]: switch from builtin to bullet.
2024-5-9 10:05:46 - log: [PreviewInEditor] [PHYSICS2D]: switch from box2d-wasm to box2d.
2024-5-9 10:05:59 - log: [PreviewInEditor] null
2024-5-9 10:05:59 - log: [PreviewInEditor] test01
2024-5-9 10:06:12 - info: [PreviewInEditor] preview process is ready
2024-5-9 10:06:13 - info: [PreviewInEditor] [PHYSICS]: using builtin.
2024-5-9 10:06:13 - log: [PreviewInEditor] Cocos Creator v3.8.1
2024-5-9 10:06:13 - info: [PreviewInEditor] Forward render pipeline initialized.
2024-5-9 10:06:13 - info: [PreviewInEditor] [PHYSICS]: switch from builtin to bullet.
2024-5-9 10:06:13 - log: [PreviewInEditor] [PHYSICS2D]: switch from box2d-wasm to box2d.
2024-5-9 10:06:22 - log: [PreviewInEditor] null
2024-5-9 10:06:22 - log: [PreviewInEditor] test02
2024-5-9 10:06:30 - info: [PreviewInEditor] preview process is ready
2024-5-9 10:06:31 - info: [PreviewInEditor] [PHYSICS]: using builtin.
2024-5-9 10:06:31 - log: [PreviewInEditor] Cocos Creator v3.8.1
2024-5-9 10:06:31 - info: [PreviewInEditor] Forward render pipeline initialized.
2024-5-9 10:06:31 - info: [PreviewInEditor] [PHYSICS]: switch from builtin to bullet.
2024-5-9 10:06:31 - log: [PreviewInEditor] [PHYSICS2D]: switch from box2d-wasm to box2d.
2024-5-9 10:06:35 - log: [PreviewInEditor] null
2024-5-9 10:06:35 - log: [PreviewInEditor] test03
2024-5-9 10:06:36 - log: [PreviewInEditor] null
2024-5-9 10:06:36 - log: [PreviewInEditor] 加载ab包完成，名称为：test03
2024-5-9 10:06:36 - log: [PreviewInEditor] 加载资源完成，名称为：1
2024-5-9 10:06:37 - log: [PreviewInEditor] 设置Sprite完成
2024-5-9 10:06:37 - log: [PreviewInEditor] 释放资源：1
2024-5-9 10:06:42 - info: [PreviewInEditor] preview process is ready
2024-5-9 10:18:16 - info: [PreviewInEditor] [PHYSICS]: using builtin.
2024-5-9 10:18:16 - log: [PreviewInEditor] Cocos Creator v3.8.1
2024-5-9 10:18:16 - info: [PreviewInEditor] Forward render pipeline initialized.
2024-5-9 10:18:16 - info: [PreviewInEditor] [PHYSICS]: switch from builtin to bullet.
2024-5-9 10:18:16 - log: [PreviewInEditor] [PHYSICS2D]: switch from box2d-wasm to box2d.
2024-5-9 10:18:19 - log: [PreviewInEditor] null
2024-5-9 10:18:19 - log: [PreviewInEditor] test01
2024-5-9 10:18:24 - log: [PreviewInEditor] null
2024-5-9 10:18:24 - log: [PreviewInEditor] test01
2024-5-9 10:18:32 - info: [PreviewInEditor] preview process is ready
2024-5-9 10:24:36 - info: [PreviewInEditor] [PHYSICS]: using builtin.
2024-5-9 10:24:37 - log: [PreviewInEditor] Cocos Creator v3.8.1
2024-5-9 10:24:37 - info: [PreviewInEditor] Forward render pipeline initialized.
2024-5-9 10:24:37 - info: [PreviewInEditor] [PHYSICS]: switch from builtin to bullet.
2024-5-9 10:24:37 - log: [PreviewInEditor] [PHYSICS2D]: switch from box2d-wasm to box2d.
2024-5-9 10:24:39 - error: [PreviewInEditor] Error occurs in an event listener: touch-endError: [PreviewInEditor] Error occurs in an event listener: touch-end
    at Input._emitEvent (eval at wrapExecute (D:\Courses\Cocos\Cocos Creators\3.8.1\resources\resources\3d\engine\bin\.cache\dev\editor\loader.js:9102:16), <anonymous>:23677:23)
    at Input._dispatchOrPushEventTouch (eval at wrapExecute (D:\Courses\Cocos\Cocos Creators\3.8.1\resources\resources\3d\engine\bin\.cache\dev\editor\loader.js:9102:16), <anonymous>:23836:20)
    at Input._simulateEventTouch (eval at wrapExecute (D:\Courses\Cocos\Cocos Creators\3.8.1\resources\resources\3d\engine\bin\.cache\dev\editor\loader.js:9102:16), <anonymous>:23653:16)
    at eval (eval at wrapExecute (D:\Courses\Cocos\Cocos Creators\3.8.1\resources\resources\3d\engine\bin\.cache\dev\editor\loader.js:9102:16), <anonymous>:23726:20)
    at Eventified.emit (eval at wrapExecute (D:\Courses\Cocos\Cocos Creators\3.8.1\resources\resources\3d\engine\bin\.cache\dev\editor\loader.js:9102:16), <anonymous>:156299:19)
    at MouseInputSource.eval [as _handleMouseUp] (eval at wrapExecute (D:\Courses\Cocos\Cocos Creators\3.8.1\resources\resources\3d\engine\bin\.cache\dev\editor\loader.js:9102:16), <anonymous>:284174:31)
    at MouseInputSource.dispatchMouseUpEvent (eval at wrapExecute (D:\Courses\Cocos\Cocos Creators\3.8.1\resources\resources\3d\engine\bin\.cache\dev\editor\loader.js:9102:16), <anonymous>:284047:16)
2024-5-9 10:24:39 - error: [PreviewInEditor] Cannot read property 'loadScene' of nullTypeError: Cannot read property 'loadScene' of null
    at final.EnterScene1 (file:///D:/Courses/Cocos/Cocos%20Projects/Test/temp/programming/packer-driver/targets/editor/chunks/77/77a171dde9e840d4d817e7f6326d7cc01d47fada.js:58:18)
    at EventHandler.emit (eval at wrapExecute (D:\Courses\Cocos\Cocos Creators\3.8.1\resources\resources\3d\engine\bin\.cache\dev\editor\loader.js:9102:16), <anonymous>:50891:19)
    at Function.emitEvents (eval at wrapExecute (D:\Courses\Cocos\Cocos Creators\3.8.1\resources\resources\3d\engine\bin\.cache\dev\editor\loader.js:9102:16), <anonymous>:50846:19)
    at Button._onTouchEnded (eval at wrapExecute (D:\Courses\Cocos\Cocos Creators\3.8.1\resources\resources\3d\engine\bin\.cache\dev\editor\loader.js:9102:16), <anonymous>:74613:35)
    at CallbacksInvoker.emit (eval at wrapExecute (D:\Courses\Cocos\Cocos Creators\3.8.1\resources\resources\3d\engine\bin\.cache\dev\editor\loader.js:9102:16), <anonymous>:156297:28)
    at NodeEventProcessor.dispatchEvent (eval at wrapExecute (D:\Courses\Cocos\Cocos Creators\3.8.1\resources\resources\3d\engine\bin\.cache\dev\editor\loader.js:9102:16), <anonymous>:54175:54)
    at Node.dispatchEvent (eval at wrapExecute (D:\Courses\Cocos\Cocos Creators\3.8.1\resources\resources\3d\engine\bin\.cache\dev\editor\loader.js:9102:16), <anonymous>:57601:32)
    at NodeEventProcessor._handleTouchEnd (eval at wrapExecute (D:\Courses\Cocos\Cocos Creators\3.8.1\resources\resources\3d\engine\bin\.cache\dev\editor\loader.js:9102:16), <anonymous>:54579:16)
    at NodeEventProcessor._handleEventTouch (eval at wrapExecute (D:\Courses\Cocos\Cocos Creators\3.8.1\resources\resources\3d\engine\bin\.cache\dev\editor\loader.js:9102:16), <anonymous>:54519:27)
    at PointerEventDispatcher.dispatchEventTouch (eval at wrapExecute (D:\Courses\Cocos\Cocos Creators\3.8.1\resources\resources\3d\engine\bin\.cache\dev\editor\loader.js:9102:16), <anonymous>:106012:41)
2024-5-9 10:24:41 - error: [PreviewInEditor] Error occurs in an event listener: touch-endError: [PreviewInEditor] Error occurs in an event listener: touch-end
    at Input._emitEvent (eval at wrapExecute (D:\Courses\Cocos\Cocos Creators\3.8.1\resources\resources\3d\engine\bin\.cache\dev\editor\loader.js:9102:16), <anonymous>:23677:23)
    at Input._dispatchOrPushEventTouch (eval at wrapExecute (D:\Courses\Cocos\Cocos Creators\3.8.1\resources\resources\3d\engine\bin\.cache\dev\editor\loader.js:9102:16), <anonymous>:23836:20)
    at Input._simulateEventTouch (eval at wrapExecute (D:\Courses\Cocos\Cocos Creators\3.8.1\resources\resources\3d\engine\bin\.cache\dev\editor\loader.js:9102:16), <anonymous>:23653:16)
    at eval (eval at wrapExecute (D:\Courses\Cocos\Cocos Creators\3.8.1\resources\resources\3d\engine\bin\.cache\dev\editor\loader.js:9102:16), <anonymous>:23726:20)
    at Eventified.emit (eval at wrapExecute (D:\Courses\Cocos\Cocos Creators\3.8.1\resources\resources\3d\engine\bin\.cache\dev\editor\loader.js:9102:16), <anonymous>:156299:19)
    at MouseInputSource.eval [as _handleMouseUp] (eval at wrapExecute (D:\Courses\Cocos\Cocos Creators\3.8.1\resources\resources\3d\engine\bin\.cache\dev\editor\loader.js:9102:16), <anonymous>:284174:31)
    at MouseInputSource.dispatchMouseUpEvent (eval at wrapExecute (D:\Courses\Cocos\Cocos Creators\3.8.1\resources\resources\3d\engine\bin\.cache\dev\editor\loader.js:9102:16), <anonymous>:284047:16)
2024-5-9 10:24:41 - error: [PreviewInEditor] Cannot read property 'loadScene' of nullTypeError: Cannot read property 'loadScene' of null
    at final.EnterScene1 (file:///D:/Courses/Cocos/Cocos%20Projects/Test/temp/programming/packer-driver/targets/editor/chunks/77/77a171dde9e840d4d817e7f6326d7cc01d47fada.js:58:18)
    at EventHandler.emit (eval at wrapExecute (D:\Courses\Cocos\Cocos Creators\3.8.1\resources\resources\3d\engine\bin\.cache\dev\editor\loader.js:9102:16), <anonymous>:50891:19)
    at Function.emitEvents (eval at wrapExecute (D:\Courses\Cocos\Cocos Creators\3.8.1\resources\resources\3d\engine\bin\.cache\dev\editor\loader.js:9102:16), <anonymous>:50846:19)
    at Button._onTouchEnded (eval at wrapExecute (D:\Courses\Cocos\Cocos Creators\3.8.1\resources\resources\3d\engine\bin\.cache\dev\editor\loader.js:9102:16), <anonymous>:74613:35)
    at CallbacksInvoker.emit (eval at wrapExecute (D:\Courses\Cocos\Cocos Creators\3.8.1\resources\resources\3d\engine\bin\.cache\dev\editor\loader.js:9102:16), <anonymous>:156297:28)
    at NodeEventProcessor.dispatchEvent (eval at wrapExecute (D:\Courses\Cocos\Cocos Creators\3.8.1\resources\resources\3d\engine\bin\.cache\dev\editor\loader.js:9102:16), <anonymous>:54175:54)
    at Node.dispatchEvent (eval at wrapExecute (D:\Courses\Cocos\Cocos Creators\3.8.1\resources\resources\3d\engine\bin\.cache\dev\editor\loader.js:9102:16), <anonymous>:57601:32)
    at NodeEventProcessor._handleTouchEnd (eval at wrapExecute (D:\Courses\Cocos\Cocos Creators\3.8.1\resources\resources\3d\engine\bin\.cache\dev\editor\loader.js:9102:16), <anonymous>:54579:16)
    at NodeEventProcessor._handleEventTouch (eval at wrapExecute (D:\Courses\Cocos\Cocos Creators\3.8.1\resources\resources\3d\engine\bin\.cache\dev\editor\loader.js:9102:16), <anonymous>:54519:27)
    at PointerEventDispatcher.dispatchEventTouch (eval at wrapExecute (D:\Courses\Cocos\Cocos Creators\3.8.1\resources\resources\3d\engine\bin\.cache\dev\editor\loader.js:9102:16), <anonymous>:106012:41)
2024-5-9 10:24:42 - error: [PreviewInEditor] Error occurs in an event listener: touch-endError: [PreviewInEditor] Error occurs in an event listener: touch-end
    at Input._emitEvent (eval at wrapExecute (D:\Courses\Cocos\Cocos Creators\3.8.1\resources\resources\3d\engine\bin\.cache\dev\editor\loader.js:9102:16), <anonymous>:23677:23)
    at Input._dispatchOrPushEventTouch (eval at wrapExecute (D:\Courses\Cocos\Cocos Creators\3.8.1\resources\resources\3d\engine\bin\.cache\dev\editor\loader.js:9102:16), <anonymous>:23836:20)
    at Input._simulateEventTouch (eval at wrapExecute (D:\Courses\Cocos\Cocos Creators\3.8.1\resources\resources\3d\engine\bin\.cache\dev\editor\loader.js:9102:16), <anonymous>:23653:16)
    at eval (eval at wrapExecute (D:\Courses\Cocos\Cocos Creators\3.8.1\resources\resources\3d\engine\bin\.cache\dev\editor\loader.js:9102:16), <anonymous>:23726:20)
    at Eventified.emit (eval at wrapExecute (D:\Courses\Cocos\Cocos Creators\3.8.1\resources\resources\3d\engine\bin\.cache\dev\editor\loader.js:9102:16), <anonymous>:156299:19)
    at MouseInputSource.eval [as _handleMouseUp] (eval at wrapExecute (D:\Courses\Cocos\Cocos Creators\3.8.1\resources\resources\3d\engine\bin\.cache\dev\editor\loader.js:9102:16), <anonymous>:284174:31)
    at MouseInputSource.dispatchMouseUpEvent (eval at wrapExecute (D:\Courses\Cocos\Cocos Creators\3.8.1\resources\resources\3d\engine\bin\.cache\dev\editor\loader.js:9102:16), <anonymous>:284047:16)
2024-5-9 10:24:42 - error: [PreviewInEditor] Cannot read property 'loadScene' of nullTypeError: Cannot read property 'loadScene' of null
    at final.EnterScene1 (file:///D:/Courses/Cocos/Cocos%20Projects/Test/temp/programming/packer-driver/targets/editor/chunks/77/77a171dde9e840d4d817e7f6326d7cc01d47fada.js:58:18)
    at EventHandler.emit (eval at wrapExecute (D:\Courses\Cocos\Cocos Creators\3.8.1\resources\resources\3d\engine\bin\.cache\dev\editor\loader.js:9102:16), <anonymous>:50891:19)
    at Function.emitEvents (eval at wrapExecute (D:\Courses\Cocos\Cocos Creators\3.8.1\resources\resources\3d\engine\bin\.cache\dev\editor\loader.js:9102:16), <anonymous>:50846:19)
    at Button._onTouchEnded (eval at wrapExecute (D:\Courses\Cocos\Cocos Creators\3.8.1\resources\resources\3d\engine\bin\.cache\dev\editor\loader.js:9102:16), <anonymous>:74613:35)
    at CallbacksInvoker.emit (eval at wrapExecute (D:\Courses\Cocos\Cocos Creators\3.8.1\resources\resources\3d\engine\bin\.cache\dev\editor\loader.js:9102:16), <anonymous>:156297:28)
    at NodeEventProcessor.dispatchEvent (eval at wrapExecute (D:\Courses\Cocos\Cocos Creators\3.8.1\resources\resources\3d\engine\bin\.cache\dev\editor\loader.js:9102:16), <anonymous>:54175:54)
    at Node.dispatchEvent (eval at wrapExecute (D:\Courses\Cocos\Cocos Creators\3.8.1\resources\resources\3d\engine\bin\.cache\dev\editor\loader.js:9102:16), <anonymous>:57601:32)
    at NodeEventProcessor._handleTouchEnd (eval at wrapExecute (D:\Courses\Cocos\Cocos Creators\3.8.1\resources\resources\3d\engine\bin\.cache\dev\editor\loader.js:9102:16), <anonymous>:54579:16)
    at NodeEventProcessor._handleEventTouch (eval at wrapExecute (D:\Courses\Cocos\Cocos Creators\3.8.1\resources\resources\3d\engine\bin\.cache\dev\editor\loader.js:9102:16), <anonymous>:54519:27)
    at PointerEventDispatcher.dispatchEventTouch (eval at wrapExecute (D:\Courses\Cocos\Cocos Creators\3.8.1\resources\resources\3d\engine\bin\.cache\dev\editor\loader.js:9102:16), <anonymous>:106012:41)
2024-5-9 10:24:44 - log: [PreviewInEditor] null
2024-5-9 10:24:44 - log: [PreviewInEditor] test01
2024-5-9 10:25:02 - info: [PreviewInEditor] preview process is ready
2024-5-9 10:25:02 - info: [PreviewInEditor] [PHYSICS]: using builtin.
2024-5-9 10:25:02 - log: [PreviewInEditor] Cocos Creator v3.8.1
2024-5-9 10:25:02 - info: [PreviewInEditor] Forward render pipeline initialized.
2024-5-9 10:25:03 - info: [PreviewInEditor] [PHYSICS]: switch from builtin to bullet.
2024-5-9 10:25:03 - log: [PreviewInEditor] [PHYSICS2D]: switch from box2d-wasm to box2d.
2024-5-9 10:25:05 - error: [PreviewInEditor] Error occurs in an event listener: touch-endError: [PreviewInEditor] Error occurs in an event listener: touch-end
    at Input._emitEvent (eval at wrapExecute (D:\Courses\Cocos\Cocos Creators\3.8.1\resources\resources\3d\engine\bin\.cache\dev\editor\loader.js:9102:16), <anonymous>:23677:23)
    at Input._dispatchOrPushEventTouch (eval at wrapExecute (D:\Courses\Cocos\Cocos Creators\3.8.1\resources\resources\3d\engine\bin\.cache\dev\editor\loader.js:9102:16), <anonymous>:23836:20)
    at Input._simulateEventTouch (eval at wrapExecute (D:\Courses\Cocos\Cocos Creators\3.8.1\resources\resources\3d\engine\bin\.cache\dev\editor\loader.js:9102:16), <anonymous>:23653:16)
    at eval (eval at wrapExecute (D:\Courses\Cocos\Cocos Creators\3.8.1\resources\resources\3d\engine\bin\.cache\dev\editor\loader.js:9102:16), <anonymous>:23726:20)
    at Eventified.emit (eval at wrapExecute (D:\Courses\Cocos\Cocos Creators\3.8.1\resources\resources\3d\engine\bin\.cache\dev\editor\loader.js:9102:16), <anonymous>:156299:19)
    at MouseInputSource.eval [as _handleMouseUp] (eval at wrapExecute (D:\Courses\Cocos\Cocos Creators\3.8.1\resources\resources\3d\engine\bin\.cache\dev\editor\loader.js:9102:16), <anonymous>:284174:31)
    at MouseInputSource.dispatchMouseUpEvent (eval at wrapExecute (D:\Courses\Cocos\Cocos Creators\3.8.1\resources\resources\3d\engine\bin\.cache\dev\editor\loader.js:9102:16), <anonymous>:284047:16)
2024-5-9 10:25:05 - error: [PreviewInEditor] Cannot read property 'loadScene' of nullTypeError: Cannot read property 'loadScene' of null
    at final.EnterScene1 (file:///D:/Courses/Cocos/Cocos%20Projects/Test/temp/programming/packer-driver/targets/editor/chunks/77/77a171dde9e840d4d817e7f6326d7cc01d47fada.js:58:18)
    at EventHandler.emit (eval at wrapExecute (D:\Courses\Cocos\Cocos Creators\3.8.1\resources\resources\3d\engine\bin\.cache\dev\editor\loader.js:9102:16), <anonymous>:50891:19)
    at Function.emitEvents (eval at wrapExecute (D:\Courses\Cocos\Cocos Creators\3.8.1\resources\resources\3d\engine\bin\.cache\dev\editor\loader.js:9102:16), <anonymous>:50846:19)
    at Button._onTouchEnded (eval at wrapExecute (D:\Courses\Cocos\Cocos Creators\3.8.1\resources\resources\3d\engine\bin\.cache\dev\editor\loader.js:9102:16), <anonymous>:74613:35)
    at CallbacksInvoker.emit (eval at wrapExecute (D:\Courses\Cocos\Cocos Creators\3.8.1\resources\resources\3d\engine\bin\.cache\dev\editor\loader.js:9102:16), <anonymous>:156297:28)
    at NodeEventProcessor.dispatchEvent (eval at wrapExecute (D:\Courses\Cocos\Cocos Creators\3.8.1\resources\resources\3d\engine\bin\.cache\dev\editor\loader.js:9102:16), <anonymous>:54175:54)
    at Node.dispatchEvent (eval at wrapExecute (D:\Courses\Cocos\Cocos Creators\3.8.1\resources\resources\3d\engine\bin\.cache\dev\editor\loader.js:9102:16), <anonymous>:57601:32)
    at NodeEventProcessor._handleTouchEnd (eval at wrapExecute (D:\Courses\Cocos\Cocos Creators\3.8.1\resources\resources\3d\engine\bin\.cache\dev\editor\loader.js:9102:16), <anonymous>:54579:16)
    at NodeEventProcessor._handleEventTouch (eval at wrapExecute (D:\Courses\Cocos\Cocos Creators\3.8.1\resources\resources\3d\engine\bin\.cache\dev\editor\loader.js:9102:16), <anonymous>:54519:27)
    at PointerEventDispatcher.dispatchEventTouch (eval at wrapExecute (D:\Courses\Cocos\Cocos Creators\3.8.1\resources\resources\3d\engine\bin\.cache\dev\editor\loader.js:9102:16), <anonymous>:106012:41)
2024-5-9 10:25:07 - log: [PreviewInEditor] null
2024-5-9 10:25:07 - log: [PreviewInEditor] test01
2024-5-9 10:25:20 - log: [PreviewInEditor] null
2024-5-9 10:25:20 - log: [PreviewInEditor] test01
2024-5-9 10:25:31 - info: [PreviewInEditor] preview process is ready
2024-5-9 10:27:50 - info: [PreviewInEditor] [PHYSICS]: using builtin.
2024-5-9 10:27:50 - log: [PreviewInEditor] Cocos Creator v3.8.1
2024-5-9 10:27:50 - info: [PreviewInEditor] Forward render pipeline initialized.
2024-5-9 10:27:50 - info: [PreviewInEditor] [PHYSICS]: switch from builtin to bullet.
2024-5-9 10:27:50 - log: [PreviewInEditor] [PHYSICS2D]: switch from box2d-wasm to box2d.
2024-5-9 10:27:53 - log: [PreviewInEditor] null
2024-5-9 10:27:53 - log: [PreviewInEditor] test01
2024-5-9 10:27:54 - log: [PreviewInEditor] 卸载ab包
2024-5-9 10:28:07 - info: [PreviewInEditor] preview process is ready
2024-5-9 10:30:27 - info: [PreviewInEditor] [PHYSICS]: using builtin.
2024-5-9 10:30:28 - log: [PreviewInEditor] Cocos Creator v3.8.1
2024-5-9 10:30:28 - info: [PreviewInEditor] Forward render pipeline initialized.
2024-5-9 10:30:28 - info: [PreviewInEditor] [PHYSICS]: switch from builtin to bullet.
2024-5-9 10:30:28 - log: [PreviewInEditor] [PHYSICS2D]: switch from box2d-wasm to box2d.
2024-5-9 10:30:31 - log: [PreviewInEditor] null
2024-5-9 10:30:31 - log: [PreviewInEditor] test01
2024-5-9 10:30:33 - log: [PreviewInEditor] 卸载ab包
2024-5-9 10:30:44 - info: [PreviewInEditor] preview process is ready
2024-5-9 10:35:51 - info: [PreviewInEditor] [PHYSICS]: using builtin.
2024-5-9 10:35:51 - log: [PreviewInEditor] Cocos Creator v3.8.1
2024-5-9 10:35:51 - info: [PreviewInEditor] Forward render pipeline initialized.
2024-5-9 10:35:51 - info: [PreviewInEditor] [PHYSICS]: switch from builtin to bullet.
2024-5-9 10:35:51 - log: [PreviewInEditor] [PHYSICS2D]: switch from box2d-wasm to box2d.
2024-5-9 10:35:55 - error: [PreviewInEditor] Error occurs in an event listener: touch-endError: [PreviewInEditor] Error occurs in an event listener: touch-end
    at Input._emitEvent (eval at wrapExecute (D:\Courses\Cocos\Cocos Creators\3.8.1\resources\resources\3d\engine\bin\.cache\dev\editor\loader.js:9102:16), <anonymous>:23677:23)
    at Input._dispatchOrPushEventTouch (eval at wrapExecute (D:\Courses\Cocos\Cocos Creators\3.8.1\resources\resources\3d\engine\bin\.cache\dev\editor\loader.js:9102:16), <anonymous>:23836:20)
    at Input._simulateEventTouch (eval at wrapExecute (D:\Courses\Cocos\Cocos Creators\3.8.1\resources\resources\3d\engine\bin\.cache\dev\editor\loader.js:9102:16), <anonymous>:23653:16)
    at eval (eval at wrapExecute (D:\Courses\Cocos\Cocos Creators\3.8.1\resources\resources\3d\engine\bin\.cache\dev\editor\loader.js:9102:16), <anonymous>:23726:20)
    at Eventified.emit (eval at wrapExecute (D:\Courses\Cocos\Cocos Creators\3.8.1\resources\resources\3d\engine\bin\.cache\dev\editor\loader.js:9102:16), <anonymous>:156299:19)
    at MouseInputSource.eval [as _handleMouseUp] (eval at wrapExecute (D:\Courses\Cocos\Cocos Creators\3.8.1\resources\resources\3d\engine\bin\.cache\dev\editor\loader.js:9102:16), <anonymous>:284174:31)
    at MouseInputSource.dispatchMouseUpEvent (eval at wrapExecute (D:\Courses\Cocos\Cocos Creators\3.8.1\resources\resources\3d\engine\bin\.cache\dev\editor\loader.js:9102:16), <anonymous>:284047:16)
2024-5-9 10:35:55 - error: [PreviewInEditor] Cannot read property 'loadScene' of nullTypeError: Cannot read property 'loadScene' of null
    at final.EnterScene1 (file:///D:/Courses/Cocos/Cocos%20Projects/Test/temp/programming/packer-driver/targets/editor/chunks/77/77a171dde9e840d4d817e7f6326d7cc01d47fada.js:88:18)
    at EventHandler.emit (eval at wrapExecute (D:\Courses\Cocos\Cocos Creators\3.8.1\resources\resources\3d\engine\bin\.cache\dev\editor\loader.js:9102:16), <anonymous>:50891:19)
    at Function.emitEvents (eval at wrapExecute (D:\Courses\Cocos\Cocos Creators\3.8.1\resources\resources\3d\engine\bin\.cache\dev\editor\loader.js:9102:16), <anonymous>:50846:19)
    at Button._onTouchEnded (eval at wrapExecute (D:\Courses\Cocos\Cocos Creators\3.8.1\resources\resources\3d\engine\bin\.cache\dev\editor\loader.js:9102:16), <anonymous>:74613:35)
    at CallbacksInvoker.emit (eval at wrapExecute (D:\Courses\Cocos\Cocos Creators\3.8.1\resources\resources\3d\engine\bin\.cache\dev\editor\loader.js:9102:16), <anonymous>:156297:28)
    at NodeEventProcessor.dispatchEvent (eval at wrapExecute (D:\Courses\Cocos\Cocos Creators\3.8.1\resources\resources\3d\engine\bin\.cache\dev\editor\loader.js:9102:16), <anonymous>:54175:54)
    at Node.dispatchEvent (eval at wrapExecute (D:\Courses\Cocos\Cocos Creators\3.8.1\resources\resources\3d\engine\bin\.cache\dev\editor\loader.js:9102:16), <anonymous>:57601:32)
    at NodeEventProcessor._handleTouchEnd (eval at wrapExecute (D:\Courses\Cocos\Cocos Creators\3.8.1\resources\resources\3d\engine\bin\.cache\dev\editor\loader.js:9102:16), <anonymous>:54579:16)
    at NodeEventProcessor._handleEventTouch (eval at wrapExecute (D:\Courses\Cocos\Cocos Creators\3.8.1\resources\resources\3d\engine\bin\.cache\dev\editor\loader.js:9102:16), <anonymous>:54519:27)
    at PointerEventDispatcher.dispatchEventTouch (eval at wrapExecute (D:\Courses\Cocos\Cocos Creators\3.8.1\resources\resources\3d\engine\bin\.cache\dev\editor\loader.js:9102:16), <anonymous>:106012:41)
2024-5-9 10:35:56 - log: [PreviewInEditor] null
2024-5-9 10:35:56 - log: [PreviewInEditor] test01
2024-5-9 10:36:04 - info: [PreviewInEditor] preview process is ready
2024-5-9 10:36:05 - info: [PreviewInEditor] [PHYSICS]: using builtin.
2024-5-9 10:36:05 - log: [PreviewInEditor] Cocos Creator v3.8.1
2024-5-9 10:36:05 - info: [PreviewInEditor] Forward render pipeline initialized.
2024-5-9 10:36:05 - info: [PreviewInEditor] [PHYSICS]: switch from builtin to bullet.
2024-5-9 10:36:05 - log: [PreviewInEditor] [PHYSICS2D]: switch from box2d-wasm to box2d.
2024-5-9 10:36:07 - log: [PreviewInEditor] null
2024-5-9 10:36:07 - log: [PreviewInEditor] test01
2024-5-9 10:36:09 - log: [PreviewInEditor] 卸载ab包
2024-5-9 10:36:11 - log: [PreviewInEditor] null
2024-5-9 10:36:11 - log: [PreviewInEditor] test02
2024-5-9 10:36:13 - log: [PreviewInEditor] 卸载ab包
2024-5-9 10:36:14 - log: [PreviewInEditor] null
2024-5-9 10:36:14 - log: [PreviewInEditor] test02
2024-5-9 10:36:21 - info: [PreviewInEditor] preview process is ready
2024-5-9 10:36:22 - info: [PreviewInEditor] [PHYSICS]: using builtin.
2024-5-9 10:36:22 - log: [PreviewInEditor] Cocos Creator v3.8.1
2024-5-9 10:36:22 - info: [PreviewInEditor] Forward render pipeline initialized.
2024-5-9 10:36:22 - info: [PreviewInEditor] [PHYSICS]: switch from builtin to bullet.
2024-5-9 10:36:22 - log: [PreviewInEditor] [PHYSICS2D]: switch from box2d-wasm to box2d.
2024-5-9 10:36:26 - error: [PreviewInEditor] Error occurs in an event listener: touch-endError: [PreviewInEditor] Error occurs in an event listener: touch-end
    at Input._emitEvent (eval at wrapExecute (D:\Courses\Cocos\Cocos Creators\3.8.1\resources\resources\3d\engine\bin\.cache\dev\editor\loader.js:9102:16), <anonymous>:23677:23)
    at Input._dispatchOrPushEventTouch (eval at wrapExecute (D:\Courses\Cocos\Cocos Creators\3.8.1\resources\resources\3d\engine\bin\.cache\dev\editor\loader.js:9102:16), <anonymous>:23836:20)
    at Input._simulateEventTouch (eval at wrapExecute (D:\Courses\Cocos\Cocos Creators\3.8.1\resources\resources\3d\engine\bin\.cache\dev\editor\loader.js:9102:16), <anonymous>:23653:16)
    at eval (eval at wrapExecute (D:\Courses\Cocos\Cocos Creators\3.8.1\resources\resources\3d\engine\bin\.cache\dev\editor\loader.js:9102:16), <anonymous>:23726:20)
    at Eventified.emit (eval at wrapExecute (D:\Courses\Cocos\Cocos Creators\3.8.1\resources\resources\3d\engine\bin\.cache\dev\editor\loader.js:9102:16), <anonymous>:156299:19)
    at MouseInputSource.eval [as _handleMouseUp] (eval at wrapExecute (D:\Courses\Cocos\Cocos Creators\3.8.1\resources\resources\3d\engine\bin\.cache\dev\editor\loader.js:9102:16), <anonymous>:284174:31)
    at MouseInputSource.dispatchMouseUpEvent (eval at wrapExecute (D:\Courses\Cocos\Cocos Creators\3.8.1\resources\resources\3d\engine\bin\.cache\dev\editor\loader.js:9102:16), <anonymous>:284047:16)
2024-5-9 10:36:26 - error: [PreviewInEditor] Cannot read property 'loadScene' of nullTypeError: Cannot read property 'loadScene' of null
    at final.EnterScene3 (file:///D:/Courses/Cocos/Cocos%20Projects/Test/temp/programming/packer-driver/targets/editor/chunks/77/77a171dde9e840d4d817e7f6326d7cc01d47fada.js:108:18)
    at EventHandler.emit (eval at wrapExecute (D:\Courses\Cocos\Cocos Creators\3.8.1\resources\resources\3d\engine\bin\.cache\dev\editor\loader.js:9102:16), <anonymous>:50891:19)
    at Function.emitEvents (eval at wrapExecute (D:\Courses\Cocos\Cocos Creators\3.8.1\resources\resources\3d\engine\bin\.cache\dev\editor\loader.js:9102:16), <anonymous>:50846:19)
    at Button._onTouchEnded (eval at wrapExecute (D:\Courses\Cocos\Cocos Creators\3.8.1\resources\resources\3d\engine\bin\.cache\dev\editor\loader.js:9102:16), <anonymous>:74613:35)
    at CallbacksInvoker.emit (eval at wrapExecute (D:\Courses\Cocos\Cocos Creators\3.8.1\resources\resources\3d\engine\bin\.cache\dev\editor\loader.js:9102:16), <anonymous>:156297:28)
    at NodeEventProcessor.dispatchEvent (eval at wrapExecute (D:\Courses\Cocos\Cocos Creators\3.8.1\resources\resources\3d\engine\bin\.cache\dev\editor\loader.js:9102:16), <anonymous>:54160:33)
    at Node.dispatchEvent (eval at wrapExecute (D:\Courses\Cocos\Cocos Creators\3.8.1\resources\resources\3d\engine\bin\.cache\dev\editor\loader.js:9102:16), <anonymous>:57601:32)
    at NodeEventProcessor._handleTouchEnd (eval at wrapExecute (D:\Courses\Cocos\Cocos Creators\3.8.1\resources\resources\3d\engine\bin\.cache\dev\editor\loader.js:9102:16), <anonymous>:54579:16)
    at NodeEventProcessor._handleEventTouch (eval at wrapExecute (D:\Courses\Cocos\Cocos Creators\3.8.1\resources\resources\3d\engine\bin\.cache\dev\editor\loader.js:9102:16), <anonymous>:54519:27)
    at PointerEventDispatcher.dispatchEventTouch (eval at wrapExecute (D:\Courses\Cocos\Cocos Creators\3.8.1\resources\resources\3d\engine\bin\.cache\dev\editor\loader.js:9102:16), <anonymous>:106012:41)
2024-5-9 10:36:28 - log: [PreviewInEditor] null
2024-5-9 10:36:28 - log: [PreviewInEditor] test03
2024-5-9 10:36:29 - log: [PreviewInEditor] 卸载ab包
2024-5-9 10:36:41 - info: [PreviewInEditor] preview process is ready
2024-5-9 10:36:42 - info: [PreviewInEditor] [PHYSICS]: using builtin.
2024-5-9 10:36:42 - log: [PreviewInEditor] Cocos Creator v3.8.1
2024-5-9 10:36:42 - info: [PreviewInEditor] Forward render pipeline initialized.
2024-5-9 10:36:42 - info: [PreviewInEditor] [PHYSICS]: switch from builtin to bullet.
2024-5-9 10:36:42 - log: [PreviewInEditor] [PHYSICS2D]: switch from box2d-wasm to box2d.
2024-5-9 10:36:46 - log: [PreviewInEditor] null
2024-5-9 10:36:46 - log: [PreviewInEditor] test03
2024-5-9 10:36:48 - log: [PreviewInEditor] null
2024-5-9 10:36:48 - log: [PreviewInEditor] 加载ab包完成，名称为：test03
2024-5-9 10:36:49 - log: [PreviewInEditor] 加载资源完成，名称为：1
2024-5-9 10:36:49 - log: [PreviewInEditor] 设置Sprite完成
2024-5-9 10:36:50 - log: [PreviewInEditor] 释放资源：1
2024-5-9 10:36:51 - log: [PreviewInEditor] 设置Sprite完成
2024-5-9 10:36:52 - log: [PreviewInEditor] 加载资源完成，名称为：1
2024-5-9 10:36:52 - log: [PreviewInEditor] null
2024-5-9 10:36:52 - log: [PreviewInEditor] 加载ab包完成，名称为：test03
2024-5-9 10:36:58 - log: [PreviewInEditor] 释放资源：1
2024-5-9 10:36:59 - log: [PreviewInEditor] 设置Sprite完成
2024-5-9 10:37:01 - log: [PreviewInEditor] 加载资源完成，名称为：1
2024-5-9 10:37:04 - log: [PreviewInEditor] 释放资源：1
2024-5-9 10:37:04 - log: [PreviewInEditor] 释放资源：1
2024-5-9 10:37:04 - log: [PreviewInEditor] 释放资源：1
2024-5-9 10:37:07 - log: [PreviewInEditor] null
2024-5-9 10:37:07 - log: [PreviewInEditor] 加载ab包完成，名称为：test03
2024-5-9 10:37:12 - info: [PreviewInEditor] preview process is ready
2024-5-9 10:37:12 - info: [PreviewInEditor] [PHYSICS]: using builtin.
2024-5-9 10:37:12 - log: [PreviewInEditor] Cocos Creator v3.8.1
2024-5-9 10:37:12 - info: [PreviewInEditor] Forward render pipeline initialized.
2024-5-9 10:37:13 - info: [PreviewInEditor] [PHYSICS]: switch from builtin to bullet.
2024-5-9 10:37:13 - log: [PreviewInEditor] [PHYSICS2D]: switch from box2d-wasm to box2d.
2024-5-9 10:37:15 - log: [PreviewInEditor] null
2024-5-9 10:37:15 - log: [PreviewInEditor] test01
2024-5-9 10:37:16 - log: [PreviewInEditor] 卸载ab包
2024-5-9 10:37:34 - info: [PreviewInEditor] preview process is ready
2024-5-9 11:36:58 - info: [PreviewInEditor] [PHYSICS]: using builtin.
2024-5-9 11:36:58 - log: [PreviewInEditor] Cocos Creator v3.8.1
2024-5-9 11:36:58 - info: [PreviewInEditor] Forward render pipeline initialized.
2024-5-9 11:36:58 - info: [PreviewInEditor] [PHYSICS]: switch from builtin to bullet.
2024-5-9 11:36:58 - log: [PreviewInEditor] [PHYSICS2D]: switch from box2d-wasm to box2d.
2024-5-9 11:37:04 - log: [PreviewInEditor] null
2024-5-9 11:37:04 - log: [PreviewInEditor] test01
2024-5-9 11:37:21 - info: [PreviewInEditor] preview process is ready
