2024-5-4 15:37:53-debug: =================================== build bundle db://assets/Missions/test03 Task (web-desktop) Start ================================
2024-5-4 15:37:53-debug: Start build task, options:{"name":"Test","server":"","platform":"web-desktop","buildPath":"project://build","debug":false,"md5Cache":false,"skipCompressTexture":false,"sourceMaps":false,"polyfills":{"asyncFunctions":true},"experimentalEraseModules":false,"startSceneAssetBundle":false,"bundleConfigs":[{"root":"db://assets/Missions/test03","output":true}],"useBuiltinServer":false,"mainBundleIsRemote":false,"mainBundleCompressionType":"merge_dep","useSplashScreen":true,"bundleCommonChunk":false,"packAutoAtlas":true,"startScene":"aa3d4a13-6a64-470d-9e46-ae7eb4f87b1e","outputName":"web-desktop","taskName":"build bundle db://assets/Missions/test03","scenes":[{"url":"db://assets/Scenes/SampleScene.scene","uuid":"aa3d4a13-6a64-470d-9e46-ae7eb4f87b1e"},{"url":"db://assets/Scenes/Test.scene","uuid":"15135e38-9b7a-4974-a201-3db3038dccd1"},{"url":"db://assets/Missions/test01/1.scene","uuid":"aa81824a-3062-4d17-a797-f6225b369c3c","bundle":"db://assets/Missions/test01"},{"url":"db://assets/Missions/test02/2.scene","uuid":"9d81645b-2562-4769-bd60-63e2a1e184c5"}],"packages":{"web-desktop":{"useWebGPU":false,"resolution":{"designWidth":1280,"designHeight":960},"cullEngineAsmJsModule":false,"__version__":"1.0.1"},"engine":{"cleanupImageCache":"inheritProjectSetting","__version__":"1.0.7"},"adsense-h5g-plugin":{"enableAdsense":false,"enableTestAd":false,"__version__":"1.0.1","AFPHostPropertyCode":"ca-host-pub-5396158963872751","AFPHostDomain":"douyougame.com","otherAFPHostPropertyCode":"","otherAFPDomain":""},"cocos-service":{"configID":"6cd9df","services":[],"__version__":"3.0.7"}},"__version__":"1.3.7","buildMode":"normal","logDest":"project://temp/builder/log/build-bundle-2024-5-4 15-37.log","dest":"D:\\Courses\\Cocos\\Cocos Projects\\Test\\build\\build-bundle\\web-desktop","buildBundleOnly":true,"id":"buildBundle"}
2024-5-4 15:37:53-debug: Build with Cocos Creator 3.8.1
2024-5-4 15:37:53-debug: // ---- build task adsense-h5g-plugin：onBeforeBundleInit ----
2024-5-4 15:37:53-debug: [adsense-h5g-plugin] remove script success
2024-5-4 15:37:53-debug: // ---- build task adsense-h5g-plugin：onBeforeBundleInit ---- (33ms)
2024-5-4 15:37:53-debug: reload all scripts.
2024-5-4 15:37:53-debug: Set detail map pack:///resolution-detail-map.json: {}
2024-5-4 15:37:53-groupCollapsed: Invalidate all modules
2024-5-4 15:37:53-debug: Unregister DebugViewRuntimeControl
2024-5-4 15:37:53-debug: Unregister test01
2024-5-4 15:37:53-debug: Unregister test02
2024-5-4 15:37:53-debug: Unregister test03
2024-5-4 15:37:53-debug: Unregister HelloWorld
2024-5-4 15:37:53-debug: Invalidating 'pack:///chunks/93/93ba276ea7b26ffcdc433fab14afc1ed6f05647b.js'
2024-5-4 15:37:53-debug: Invalidating 'pack:///chunks/6d/6d8fd2b0177941b032ddc0733af48a561fb60657.js'
2024-5-4 15:37:53-debug: Invalidating 'pack:///chunks/b1/b125f9d2b5256259980950bcace2367b045770e5.js'
2024-5-4 15:37:53-debug: Invalidating 'pack:///chunks/ea/ead9e33228c2fcb690c0cc9f702eef0807622046.js'
2024-5-4 15:37:53-debug: Invalidating 'pack:///chunks/d4/d40f1cbda380e30314acd87b1c33fedd2f0e825f.js'
2024-5-4 15:37:53-debug: Invalidating 'pack:///chunks/0c/0c8a847e84c605d1566ecd4d85f683a4b4bf35db.js'
2024-5-4 15:37:53-debug: Invalidating 'pack:///chunks/ec/ec51712dbe2bd3beba20a1306bd60cc6c4e2d51e.js'
2024-5-4 15:37:53-groupCollapsed: Imports all modules
2024-5-4 15:37:53-groupEnd: Invalidate all modules
2024-5-4 15:37:53-debug: [[Executor]] Module "pack:///chunks/93/93ba276ea7b26ffcdc433fab14afc1ed6f05647b.js" loaded.
2024-5-4 15:37:53-debug: [[Executor]] Module "pack:///chunks/6d/6d8fd2b0177941b032ddc0733af48a561fb60657.js" loaded.
2024-5-4 15:37:53-debug: [[Executor]] Register DebugViewRuntimeControl
2024-5-4 15:37:53-debug: [[Executor]] Module "pack:///chunks/b1/b125f9d2b5256259980950bcace2367b045770e5.js" loaded.
2024-5-4 15:37:53-debug: [[Executor]] Register test01
2024-5-4 15:37:53-debug: [[Executor]] Module "pack:///chunks/ea/ead9e33228c2fcb690c0cc9f702eef0807622046.js" loaded.
2024-5-4 15:37:53-debug: [[Executor]] Register test02
2024-5-4 15:37:53-debug: [[Executor]] Register test03
2024-5-4 15:37:53-debug: [[Executor]] Module "pack:///chunks/0c/0c8a847e84c605d1566ecd4d85f683a4b4bf35db.js" loaded.
2024-5-4 15:37:53-debug: [[Executor]] Module "pack:///chunks/d4/d40f1cbda380e30314acd87b1c33fedd2f0e825f.js" loaded.
2024-5-4 15:37:53-debug: [[Executor]] Module "pack:///chunks/ec/ec51712dbe2bd3beba20a1306bd60cc6c4e2d51e.js" loaded.
2024-5-4 15:37:53-debug: [[Executor]] Module "pack:///chunks/6d/6d8fd2b0177941b032ddc0733af48a561fb60657.js" loaded.
2024-5-4 15:37:53-debug: [[Executor]] Register HelloWorld
2024-5-4 15:37:53-debug: Incremental keys: 
2024-5-4 15:37:53-groupEnd: Imports all modules
2024-5-4 15:37:53-debug: // ---- build task web-desktop：onAfterBundleInit ----
2024-5-4 15:37:54-debug: // ---- build task web-desktop：onAfterBundleInit ---- (53ms)
2024-5-4 15:37:54-debug: handle json group in bundle test03 success
2024-5-4 15:37:54-debug: handle json group in bundle test03
2024-5-4 15:37:54-debug: init image compress task 0 in bundle test03
2024-5-4 15:37:54-debug: // ---- build task web-desktop：onAfterBundleDataTask ----
2024-5-4 15:37:54-debug: // ---- build task web-desktop：onAfterBundleDataTask ---- (26ms)
2024-5-4 15:37:54-log: Run build task(build-script) in child, see: chrome://inspect/#devices
2024-5-4 15:37:55-log: [build-script]enter sub process 8264, D:\Courses\Cocos\Cocos Creators\3.8.1\CocosCreator.exe,D:\Courses\Cocos\Cocos Creators\3.8.1\resources\app.asar\builtin\builder\static\sub-process-index
2024-5-4 15:38:01-debug: excute-script over with build-script 7082ms
2024-5-4 15:38:01-debug: Copy externalScripts success!
2024-5-4 15:38:01-debug: builder:pack-auto-atlas-image (60ms)
2024-5-4 15:38:01-debug: Num of image compress task 0
2024-5-4 15:38:01-group: Compress image...
2024-5-4 15:38:01-groupEnd: Compress image...
2024-5-4 15:38:01-debug: Handle all json groups in bundle test03
2024-5-4 15:38:01-debug: No image need to compress
2024-5-4 15:38:01-debug: handle single json
2024-5-4 15:38:01-debug: handle json group
2024-5-4 15:38:01-debug: compress config of bundle test03...
2024-5-4 15:38:01-debug: compress config of bundle test03 success
2024-5-4 15:38:01-debug: ouput config of bundle test03
2024-5-4 15:38:01-debug: output config of bundle test03 success
2024-5-4 15:38:01-debug: [Build Memory track]: builder:build-bundle-total start:290.44MB, end 291.41MB, increase: 997.59KB
2024-5-4 15:38:01-log: build bundle db://assets/Missions/test03 (web-desktop) in {link(D:\Courses\Cocos\Cocos Projects\Test\build\build-bundle\web-desktop)} success!
2024-5-4 15:38:01-debug: 2024-5-4 15:38:01Build Bundle success in 7491 ms!
2024-5-4 15:38:01-debug: ================================ build bundle db://assets/Missions/test03 Task (build bundle db://assets/Missions/test03) Finished in (7492)ms ================================
