debug: Tue, 14 May 2024 02:47:40 GMT
debug: Project: C:\Users\wyh\Desktop\Cocos
debug: Targets: editor,preview
debug: Incremental file seems great.
debug: Engine path: D:\Courses\Cocos\Cocos Creators\3.8.1\resources\resources\3d\engine
debug: Initializing target [Editor]
debug: Loading cache
debug: Loading cache costs 1.8519999980926514ms.
debug: Engine features shipped in editor: base,gfx-webgl,gfx-webgl2,gfx-empty,3d,animation,skeletal-animation,2d,ui,particle,particle-2d,physics-framework,physics-2d-framework,physics-2d-box2d-wasm,intersection-2d,primitive,profiler,occlusion-query,geometry-renderer,debug-renderer,audio,video,xr,light-probe,terrain,webview,tween,tiled-map,spine,dragon-bones,marionette,procedural-animation,custom-pipeline,websocket,websocket-server
debug: Our import map(foo:/bar): {
  "imports": {
    "cc": "cce:/internal/x/cc"
  }
}
debug: Initializing target [Preview]
debug: Loading cache
debug: Loading cache costs 1.3167999982833862ms.
debug: Our import map(foo:/bar): {
  "imports": {
    "cc": "cce:/internal/x/cc"
  }
}
debug: Sync engine features: 2d,3d,animation,audio,base,dragon-bones,gfx-webgl,gfx-webgl2,intersection-2d,light-probe,marionette,particle,particle-2d,physics-2d-box2d,physics-ammo,primitive,profiler,skeletal-animation,spine,terrain,tiled-map,tween,ui,video,websocket,webview
debug: Reset databases. Enumerated domains: [
  {
    "root": "db://internal/",
    "physical": "D:\\Courses\\Cocos\\Cocos Creators\\3.8.1\\resources\\resources\\3d\\engine\\editor\\assets"
  },
  {
    "root": "db://assets/",
    "physical": "C:\\Users\\wyh\\Desktop\\Cocos\\assets"
  }
]
debug: Our import map(foo:/bar): {
  "imports": {
    "cc": "cce:/internal/x/cc",
    "db://internal/": "file:///D:/Courses/Cocos/Cocos%20Creators/3.8.1/resources/resources/3d/engine/editor/assets/",
    "db://assets/": "file:///C:/Users/wyh/Desktop/Cocos/assets/"
  }
}
debug: Our import map(foo:/bar): {
  "imports": {
    "cc": "cce:/internal/x/cc",
    "db://internal/": "file:///D:/Courses/Cocos/Cocos%20Creators/3.8.1/resources/resources/3d/engine/editor/assets/",
    "db://assets/": "file:///C:/Users/wyh/Desktop/Cocos/assets/"
  }
}
debug: Pulling asset-db.
debug: Fetch asset-db cost: 15.074699997901917ms.
debug: Build iteration starts.
Number of accumulated asset changes: 6
Feature changed: false
debug: Target(editor) build started.
debug: Detected change: cce:/internal/x/cc. Last mtime: Thu Jan 01 1970 08:00:11 GMT+0800 (中国标准时间), Current mtime: Thu Jan 01 1970 08:00:11 GMT+0800 (中国标准时间)
debug: Inspect cce:/internal/x/cc
debug: Resolve cce:/internal/x/cc-fu/base from cce:/internal/x/cc as external dependency cce:/internal/x/cc-fu/base.
debug: Resolve cce:/internal/x/cc-fu/gfx-webgl from cce:/internal/x/cc as external dependency cce:/internal/x/cc-fu/gfx-webgl.
debug: Resolve cce:/internal/x/cc-fu/gfx-webgl2 from cce:/internal/x/cc as external dependency cce:/internal/x/cc-fu/gfx-webgl2.
debug: Resolve cce:/internal/x/cc-fu/gfx-empty from cce:/internal/x/cc as external dependency cce:/internal/x/cc-fu/gfx-empty.
debug: Resolve cce:/internal/x/cc-fu/3d from cce:/internal/x/cc as external dependency cce:/internal/x/cc-fu/3d.
debug: Resolve cce:/internal/x/cc-fu/animation from cce:/internal/x/cc as external dependency cce:/internal/x/cc-fu/animation.
debug: Resolve cce:/internal/x/cc-fu/skeletal-animation from cce:/internal/x/cc as external dependency cce:/internal/x/cc-fu/skeletal-animation.
debug: Resolve cce:/internal/x/cc-fu/2d from cce:/internal/x/cc as external dependency cce:/internal/x/cc-fu/2d.
debug: Resolve cce:/internal/x/cc-fu/sorting from cce:/internal/x/cc as external dependency cce:/internal/x/cc-fu/sorting.
debug: Resolve cce:/internal/x/cc-fu/ui from cce:/internal/x/cc as external dependency cce:/internal/x/cc-fu/ui.
debug: Resolve cce:/internal/x/cc-fu/particle from cce:/internal/x/cc as external dependency cce:/internal/x/cc-fu/particle.
debug: Resolve cce:/internal/x/cc-fu/particle-2d from cce:/internal/x/cc as external dependency cce:/internal/x/cc-fu/particle-2d.
debug: Resolve cce:/internal/x/cc-fu/physics-framework from cce:/internal/x/cc as external dependency cce:/internal/x/cc-fu/physics-framework.
debug: Resolve cce:/internal/x/cc-fu/physics-2d-framework from cce:/internal/x/cc as external dependency cce:/internal/x/cc-fu/physics-2d-framework.
debug: Resolve cce:/internal/x/cc-fu/physics-2d-box2d-wasm from cce:/internal/x/cc as external dependency cce:/internal/x/cc-fu/physics-2d-box2d-wasm.
debug: Resolve cce:/internal/x/cc-fu/intersection-2d from cce:/internal/x/cc as external dependency cce:/internal/x/cc-fu/intersection-2d.
debug: Resolve cce:/internal/x/cc-fu/primitive from cce:/internal/x/cc as external dependency cce:/internal/x/cc-fu/primitive.
debug: Resolve cce:/internal/x/cc-fu/profiler from cce:/internal/x/cc as external dependency cce:/internal/x/cc-fu/profiler.
debug: Resolve cce:/internal/x/cc-fu/geometry-renderer from cce:/internal/x/cc as external dependency cce:/internal/x/cc-fu/geometry-renderer.
debug: Resolve cce:/internal/x/cc-fu/audio from cce:/internal/x/cc as external dependency cce:/internal/x/cc-fu/audio.
debug: Resolve cce:/internal/x/cc-fu/video from cce:/internal/x/cc as external dependency cce:/internal/x/cc-fu/video.
debug: Resolve cce:/internal/x/cc-fu/xr from cce:/internal/x/cc as external dependency cce:/internal/x/cc-fu/xr.
debug: Resolve cce:/internal/x/cc-fu/light-probe from cce:/internal/x/cc as external dependency cce:/internal/x/cc-fu/light-probe.
debug: Resolve cce:/internal/x/cc-fu/terrain from cce:/internal/x/cc as external dependency cce:/internal/x/cc-fu/terrain.
debug: Resolve cce:/internal/x/cc-fu/webview from cce:/internal/x/cc as external dependency cce:/internal/x/cc-fu/webview.
debug: Resolve cce:/internal/x/cc-fu/tween from cce:/internal/x/cc as external dependency cce:/internal/x/cc-fu/tween.
debug: Resolve cce:/internal/x/cc-fu/tiled-map from cce:/internal/x/cc as external dependency cce:/internal/x/cc-fu/tiled-map.
debug: Resolve cce:/internal/x/cc-fu/spine from cce:/internal/x/cc as external dependency cce:/internal/x/cc-fu/spine.
debug: Resolve cce:/internal/x/cc-fu/dragon-bones from cce:/internal/x/cc as external dependency cce:/internal/x/cc-fu/dragon-bones.
debug: Resolve cce:/internal/x/cc-fu/custom-pipeline from cce:/internal/x/cc as external dependency cce:/internal/x/cc-fu/custom-pipeline.
debug: Detected change: cce:/internal/x/prerequisite-imports. Last mtime: Thu Jan 01 1970 08:00:27 GMT+0800 (中国标准时间), Current mtime: Thu Jan 01 1970 08:00:17 GMT+0800 (中国标准时间)
debug: Inspect cce:/internal/x/prerequisite-imports
debug: Resolve file:///C:/Users/wyh/Desktop/Cocos/assets/Missions/final/final.ts from cce:/internal/x/prerequisite-imports as file:///C:/Users/wyh/Desktop/Cocos/assets/Missions/final/final.ts.
debug: Resolve cc from file:///C:/Users/wyh/Desktop/Cocos/assets/Missions/final/final.ts as cce:/internal/x/cc.
debug: Resolve cc from file:///C:/Users/wyh/Desktop/Cocos/assets/Missions/final/final.ts as cce:/internal/x/cc.
debug: Resolve cc from file:///C:/Users/wyh/Desktop/Cocos/assets/Missions/final/final.ts as cce:/internal/x/cc.
debug: Resolve file:///C:/Users/wyh/Desktop/Cocos/assets/Missions/test01/test01.ts from cce:/internal/x/prerequisite-imports as file:///C:/Users/wyh/Desktop/Cocos/assets/Missions/test01/test01.ts.
debug: Resolve cc from file:///C:/Users/wyh/Desktop/Cocos/assets/Missions/test01/test01.ts as cce:/internal/x/cc.
debug: Resolve cc from file:///C:/Users/wyh/Desktop/Cocos/assets/Missions/test01/test01.ts as cce:/internal/x/cc.
debug: Resolve cc from file:///C:/Users/wyh/Desktop/Cocos/assets/Missions/test01/test01.ts as cce:/internal/x/cc.
debug: Resolve file:///C:/Users/wyh/Desktop/Cocos/assets/Missions/test02/test02.ts from cce:/internal/x/prerequisite-imports as file:///C:/Users/wyh/Desktop/Cocos/assets/Missions/test02/test02.ts.
debug: Resolve cc from file:///C:/Users/wyh/Desktop/Cocos/assets/Missions/test02/test02.ts as cce:/internal/x/cc.
debug: Resolve cc from file:///C:/Users/wyh/Desktop/Cocos/assets/Missions/test02/test02.ts as cce:/internal/x/cc.
debug: Resolve cc from file:///C:/Users/wyh/Desktop/Cocos/assets/Missions/test02/test02.ts as cce:/internal/x/cc.
debug: Resolve file:///C:/Users/wyh/Desktop/Cocos/assets/Missions/test03/test03.ts from cce:/internal/x/prerequisite-imports as file:///C:/Users/wyh/Desktop/Cocos/assets/Missions/test03/test03.ts.
debug: Resolve cc from file:///C:/Users/wyh/Desktop/Cocos/assets/Missions/test03/test03.ts as cce:/internal/x/cc.
debug: Resolve cc from file:///C:/Users/wyh/Desktop/Cocos/assets/Missions/test03/test03.ts as cce:/internal/x/cc.
debug: Resolve cc from file:///C:/Users/wyh/Desktop/Cocos/assets/Missions/test03/test03.ts as cce:/internal/x/cc.
debug: Resolve file:///C:/Users/wyh/Desktop/Cocos/assets/Scripts/HelloWorld.ts from cce:/internal/x/prerequisite-imports as file:///C:/Users/wyh/Desktop/Cocos/assets/Scripts/HelloWorld.ts.
debug: Resolve cc from file:///C:/Users/wyh/Desktop/Cocos/assets/Scripts/HelloWorld.ts as cce:/internal/x/cc.
debug: Resolve cc from file:///C:/Users/wyh/Desktop/Cocos/assets/Scripts/HelloWorld.ts as cce:/internal/x/cc.
debug: Resolve cc from file:///C:/Users/wyh/Desktop/Cocos/assets/Scripts/HelloWorld.ts as cce:/internal/x/cc.
debug: Resolve file:///D:/Courses/Cocos/Cocos%20Creators/3.8.1/resources/resources/3d/engine/editor/assets/tools/debug-view-runtime-control.ts from cce:/internal/x/prerequisite-imports as file:///D:/Courses/Cocos/Cocos%20Creators/3.8.1/resources/resources/3d/engine/editor/assets/tools/debug-view-runtime-control.ts.
debug: Resolve cc from file:///D:/Courses/Cocos/Cocos%20Creators/3.8.1/resources/resources/3d/engine/editor/assets/tools/debug-view-runtime-control.ts as cce:/internal/x/cc.
debug: Resolve cc from file:///D:/Courses/Cocos/Cocos%20Creators/3.8.1/resources/resources/3d/engine/editor/assets/tools/debug-view-runtime-control.ts as cce:/internal/x/cc.
debug: Resolve cc from file:///D:/Courses/Cocos/Cocos%20Creators/3.8.1/resources/resources/3d/engine/editor/assets/tools/debug-view-runtime-control.ts as cce:/internal/x/cc.
debug: Target(editor) ends with cost 199.7019999921322ms.
debug: Target(preview) build started.
debug: Detected change: cce:/internal/x/cc. Last mtime: Thu Jan 01 1970 08:00:17 GMT+0800 (中国标准时间), Current mtime: Thu Jan 01 1970 08:00:17 GMT+0800 (中国标准时间)
debug: Inspect cce:/internal/x/cc
debug: Resolve cce:/internal/x/cc-fu/2d from cce:/internal/x/cc as external dependency cce:/internal/x/cc-fu/2d.
debug: Resolve cce:/internal/x/cc-fu/sorting from cce:/internal/x/cc as external dependency cce:/internal/x/cc-fu/sorting.
debug: Resolve cce:/internal/x/cc-fu/3d from cce:/internal/x/cc as external dependency cce:/internal/x/cc-fu/3d.
debug: Resolve cce:/internal/x/cc-fu/animation from cce:/internal/x/cc as external dependency cce:/internal/x/cc-fu/animation.
debug: Resolve cce:/internal/x/cc-fu/audio from cce:/internal/x/cc as external dependency cce:/internal/x/cc-fu/audio.
debug: Resolve cce:/internal/x/cc-fu/base from cce:/internal/x/cc as external dependency cce:/internal/x/cc-fu/base.
debug: Resolve cce:/internal/x/cc-fu/dragon-bones from cce:/internal/x/cc as external dependency cce:/internal/x/cc-fu/dragon-bones.
debug: Resolve cce:/internal/x/cc-fu/gfx-webgl from cce:/internal/x/cc as external dependency cce:/internal/x/cc-fu/gfx-webgl.
debug: Resolve cce:/internal/x/cc-fu/gfx-webgl2 from cce:/internal/x/cc as external dependency cce:/internal/x/cc-fu/gfx-webgl2.
debug: Resolve cce:/internal/x/cc-fu/intersection-2d from cce:/internal/x/cc as external dependency cce:/internal/x/cc-fu/intersection-2d.
debug: Resolve cce:/internal/x/cc-fu/light-probe from cce:/internal/x/cc as external dependency cce:/internal/x/cc-fu/light-probe.
debug: Resolve cce:/internal/x/cc-fu/particle from cce:/internal/x/cc as external dependency cce:/internal/x/cc-fu/particle.
debug: Resolve cce:/internal/x/cc-fu/particle-2d from cce:/internal/x/cc as external dependency cce:/internal/x/cc-fu/particle-2d.
debug: Resolve cce:/internal/x/cc-fu/physics-2d-box2d from cce:/internal/x/cc as external dependency cce:/internal/x/cc-fu/physics-2d-box2d.
debug: Resolve cce:/internal/x/cc-fu/physics-2d-framework from cce:/internal/x/cc as external dependency cce:/internal/x/cc-fu/physics-2d-framework.
debug: Resolve cce:/internal/x/cc-fu/physics-ammo from cce:/internal/x/cc as external dependency cce:/internal/x/cc-fu/physics-ammo.
debug: Resolve cce:/internal/x/cc-fu/physics-framework from cce:/internal/x/cc as external dependency cce:/internal/x/cc-fu/physics-framework.
debug: Resolve cce:/internal/x/cc-fu/wait-for-ammo-instantiation from cce:/internal/x/cc as external dependency cce:/internal/x/cc-fu/wait-for-ammo-instantiation.
debug: Resolve cce:/internal/x/cc-fu/primitive from cce:/internal/x/cc as external dependency cce:/internal/x/cc-fu/primitive.
debug: Resolve cce:/internal/x/cc-fu/profiler from cce:/internal/x/cc as external dependency cce:/internal/x/cc-fu/profiler.
debug: Resolve cce:/internal/x/cc-fu/skeletal-animation from cce:/internal/x/cc as external dependency cce:/internal/x/cc-fu/skeletal-animation.
debug: Resolve cce:/internal/x/cc-fu/spine from cce:/internal/x/cc as external dependency cce:/internal/x/cc-fu/spine.
debug: Resolve cce:/internal/x/cc-fu/terrain from cce:/internal/x/cc as external dependency cce:/internal/x/cc-fu/terrain.
debug: Resolve cce:/internal/x/cc-fu/tiled-map from cce:/internal/x/cc as external dependency cce:/internal/x/cc-fu/tiled-map.
debug: Resolve cce:/internal/x/cc-fu/tween from cce:/internal/x/cc as external dependency cce:/internal/x/cc-fu/tween.
debug: Resolve cce:/internal/x/cc-fu/ui from cce:/internal/x/cc as external dependency cce:/internal/x/cc-fu/ui.
debug: Resolve cce:/internal/x/cc-fu/video from cce:/internal/x/cc as external dependency cce:/internal/x/cc-fu/video.
debug: Resolve cce:/internal/x/cc-fu/webview from cce:/internal/x/cc as external dependency cce:/internal/x/cc-fu/webview.
debug: Detected change: cce:/internal/x/prerequisite-imports. Last mtime: Thu Jan 01 1970 08:00:27 GMT+0800 (中国标准时间), Current mtime: Thu Jan 01 1970 08:00:17 GMT+0800 (中国标准时间)
debug: Inspect cce:/internal/x/prerequisite-imports
debug: Resolve file:///C:/Users/wyh/Desktop/Cocos/assets/Missions/final/final.ts from cce:/internal/x/prerequisite-imports as file:///C:/Users/wyh/Desktop/Cocos/assets/Missions/final/final.ts.
debug: Resolve cc from file:///C:/Users/wyh/Desktop/Cocos/assets/Missions/final/final.ts as cce:/internal/x/cc.
debug: Resolve cc from file:///C:/Users/wyh/Desktop/Cocos/assets/Missions/final/final.ts as cce:/internal/x/cc.
debug: Resolve cc from file:///C:/Users/wyh/Desktop/Cocos/assets/Missions/final/final.ts as cce:/internal/x/cc.
debug: Resolve file:///C:/Users/wyh/Desktop/Cocos/assets/Missions/test01/test01.ts from cce:/internal/x/prerequisite-imports as file:///C:/Users/wyh/Desktop/Cocos/assets/Missions/test01/test01.ts.
debug: Resolve cc from file:///C:/Users/wyh/Desktop/Cocos/assets/Missions/test01/test01.ts as cce:/internal/x/cc.
debug: Resolve cc from file:///C:/Users/wyh/Desktop/Cocos/assets/Missions/test01/test01.ts as cce:/internal/x/cc.
debug: Resolve cc from file:///C:/Users/wyh/Desktop/Cocos/assets/Missions/test01/test01.ts as cce:/internal/x/cc.
debug: Resolve file:///C:/Users/wyh/Desktop/Cocos/assets/Missions/test02/test02.ts from cce:/internal/x/prerequisite-imports as file:///C:/Users/wyh/Desktop/Cocos/assets/Missions/test02/test02.ts.
debug: Resolve cc from file:///C:/Users/wyh/Desktop/Cocos/assets/Missions/test02/test02.ts as cce:/internal/x/cc.
debug: Resolve cc from file:///C:/Users/wyh/Desktop/Cocos/assets/Missions/test02/test02.ts as cce:/internal/x/cc.
debug: Resolve cc from file:///C:/Users/wyh/Desktop/Cocos/assets/Missions/test02/test02.ts as cce:/internal/x/cc.
debug: Resolve file:///C:/Users/wyh/Desktop/Cocos/assets/Missions/test03/test03.ts from cce:/internal/x/prerequisite-imports as file:///C:/Users/wyh/Desktop/Cocos/assets/Missions/test03/test03.ts.
debug: Resolve cc from file:///C:/Users/wyh/Desktop/Cocos/assets/Missions/test03/test03.ts as cce:/internal/x/cc.
debug: Resolve cc from file:///C:/Users/wyh/Desktop/Cocos/assets/Missions/test03/test03.ts as cce:/internal/x/cc.
debug: Resolve cc from file:///C:/Users/wyh/Desktop/Cocos/assets/Missions/test03/test03.ts as cce:/internal/x/cc.
debug: Resolve file:///C:/Users/wyh/Desktop/Cocos/assets/Scripts/HelloWorld.ts from cce:/internal/x/prerequisite-imports as file:///C:/Users/wyh/Desktop/Cocos/assets/Scripts/HelloWorld.ts.
debug: Resolve cc from file:///C:/Users/wyh/Desktop/Cocos/assets/Scripts/HelloWorld.ts as cce:/internal/x/cc.
debug: Resolve cc from file:///C:/Users/wyh/Desktop/Cocos/assets/Scripts/HelloWorld.ts as cce:/internal/x/cc.
debug: Resolve cc from file:///C:/Users/wyh/Desktop/Cocos/assets/Scripts/HelloWorld.ts as cce:/internal/x/cc.
debug: Resolve file:///D:/Courses/Cocos/Cocos%20Creators/3.8.1/resources/resources/3d/engine/editor/assets/tools/debug-view-runtime-control.ts from cce:/internal/x/prerequisite-imports as file:///D:/Courses/Cocos/Cocos%20Creators/3.8.1/resources/resources/3d/engine/editor/assets/tools/debug-view-runtime-control.ts.
debug: Resolve cc from file:///D:/Courses/Cocos/Cocos%20Creators/3.8.1/resources/resources/3d/engine/editor/assets/tools/debug-view-runtime-control.ts as cce:/internal/x/cc.
debug: Resolve cc from file:///D:/Courses/Cocos/Cocos%20Creators/3.8.1/resources/resources/3d/engine/editor/assets/tools/debug-view-runtime-control.ts as cce:/internal/x/cc.
debug: Resolve cc from file:///D:/Courses/Cocos/Cocos%20Creators/3.8.1/resources/resources/3d/engine/editor/assets/tools/debug-view-runtime-control.ts as cce:/internal/x/cc.
debug: Target(preview) ends with cost 127.38920000195503ms.
debug: Pulling asset-db.
debug: Fetch asset-db cost: 750.0721000134945ms.
debug: Build iteration starts.
Number of accumulated asset changes: 6
Feature changed: false
debug: Target(editor) build started.
debug: Detected change: cce:/internal/x/prerequisite-imports. Last mtime: Thu Jan 01 1970 08:00:17 GMT+0800 (中国标准时间), Current mtime: Thu Jan 01 1970 08:00:18 GMT+0800 (中国标准时间)
debug: Inspect cce:/internal/x/prerequisite-imports
debug: Resolve file:///C:/Users/wyh/Desktop/Cocos/assets/Missions/final/final.ts from cce:/internal/x/prerequisite-imports as file:///C:/Users/wyh/Desktop/Cocos/assets/Missions/final/final.ts.
debug: Resolve file:///C:/Users/wyh/Desktop/Cocos/assets/Missions/test01/test01.ts from cce:/internal/x/prerequisite-imports as file:///C:/Users/wyh/Desktop/Cocos/assets/Missions/test01/test01.ts.
debug: Resolve file:///C:/Users/wyh/Desktop/Cocos/assets/Missions/test02/test02.ts from cce:/internal/x/prerequisite-imports as file:///C:/Users/wyh/Desktop/Cocos/assets/Missions/test02/test02.ts.
debug: Resolve file:///C:/Users/wyh/Desktop/Cocos/assets/Missions/test03/test03.ts from cce:/internal/x/prerequisite-imports as file:///C:/Users/wyh/Desktop/Cocos/assets/Missions/test03/test03.ts.
debug: Resolve file:///C:/Users/wyh/Desktop/Cocos/assets/Scripts/HelloWorld.ts from cce:/internal/x/prerequisite-imports as file:///C:/Users/wyh/Desktop/Cocos/assets/Scripts/HelloWorld.ts.
debug: Resolve file:///D:/Courses/Cocos/Cocos%20Creators/3.8.1/resources/resources/3d/engine/editor/assets/tools/debug-view-runtime-control.ts from cce:/internal/x/prerequisite-imports as file:///D:/Courses/Cocos/Cocos%20Creators/3.8.1/resources/resources/3d/engine/editor/assets/tools/debug-view-runtime-control.ts.
debug: Target(editor) ends with cost 67.01840001344681ms.
debug: Target(preview) build started.
debug: Detected change: cce:/internal/x/prerequisite-imports. Last mtime: Thu Jan 01 1970 08:00:17 GMT+0800 (中国标准时间), Current mtime: Thu Jan 01 1970 08:00:19 GMT+0800 (中国标准时间)
debug: Inspect cce:/internal/x/prerequisite-imports
debug: Resolve file:///C:/Users/wyh/Desktop/Cocos/assets/Missions/final/final.ts from cce:/internal/x/prerequisite-imports as file:///C:/Users/wyh/Desktop/Cocos/assets/Missions/final/final.ts.
debug: Resolve file:///C:/Users/wyh/Desktop/Cocos/assets/Missions/test01/test01.ts from cce:/internal/x/prerequisite-imports as file:///C:/Users/wyh/Desktop/Cocos/assets/Missions/test01/test01.ts.
debug: Resolve file:///C:/Users/wyh/Desktop/Cocos/assets/Missions/test02/test02.ts from cce:/internal/x/prerequisite-imports as file:///C:/Users/wyh/Desktop/Cocos/assets/Missions/test02/test02.ts.
debug: Resolve file:///C:/Users/wyh/Desktop/Cocos/assets/Missions/test03/test03.ts from cce:/internal/x/prerequisite-imports as file:///C:/Users/wyh/Desktop/Cocos/assets/Missions/test03/test03.ts.
debug: Resolve file:///C:/Users/wyh/Desktop/Cocos/assets/Scripts/HelloWorld.ts from cce:/internal/x/prerequisite-imports as file:///C:/Users/wyh/Desktop/Cocos/assets/Scripts/HelloWorld.ts.
debug: Resolve file:///D:/Courses/Cocos/Cocos%20Creators/3.8.1/resources/resources/3d/engine/editor/assets/tools/debug-view-runtime-control.ts from cce:/internal/x/prerequisite-imports as file:///D:/Courses/Cocos/Cocos%20Creators/3.8.1/resources/resources/3d/engine/editor/assets/tools/debug-view-runtime-control.ts.
debug: Target(preview) ends with cost 50.09239998459816ms.
