2024-4-26 11:12:21-log: Cannot access game frame or container.
2024-4-26 11:12:22-debug: asset-db:require-engine-code (1672ms)
2024-4-26 11:12:23-log: Cocos Creator v3.8.1
2024-4-26 11:12:23-debug: [Assets Memory track]: asset-db:worker-init: initEngine start:22.26MB, end 92.69MB, increase: 70.43MB
2024-4-26 11:12:23-debug: [Assets Memory track]: asset-db-plugin-register: programming start:93.32MB, end 96.71MB, increase: 3.40MB
2024-4-26 11:12:23-debug: [Assets Memory track]: asset-db-plugin-register: engine-extends start:96.76MB, end 100.20MB, increase: 3.44MB
2024-4-26 11:12:23-debug: [Assets Memory track]: asset-db-plugin-enable: project start:97.06MB, end 100.21MB, increase: 3.14MB
2024-4-26 11:12:23-debug: [Assets Memory track]: asset-db:worker-init: initPlugin start:92.70MB, end 100.21MB, increase: 7.51MB
2024-4-26 11:12:23-debug: asset-db:worker-init: initPlugin (305ms)
2024-4-26 11:12:23-debug: [Assets Memory track]: asset-db:worker-init start:22.26MB, end 94.98MB, increase: 72.72MB
2024-4-26 11:12:23-debug: Run asset db hook programming:beforePreStart ...
2024-4-26 11:12:23-debug: Run asset db hook programming:beforePreStart success!
2024-4-26 11:12:23-debug: Run asset db hook engine-extends:beforePreStart ...
2024-4-26 11:12:23-debug: Run asset db hook engine-extends:beforePreStart success!
2024-4-26 11:12:24-debug: asset-db:worker-init (3524ms)
2024-4-26 11:12:24-debug: asset-db-hook-programming-beforePreStart (871ms)
2024-4-26 11:12:24-debug: asset-db-hook-engine-extends-beforePreStart (870ms)
2024-4-26 11:12:24-debug: Preimport db assets success
2024-4-26 11:12:24-debug: Preimport db internal success
2024-4-26 11:12:24-debug: Run asset db hook programming:afterPreStart ...
2024-4-26 11:12:26-debug: run package(builder) handler(enable) start
2024-4-26 11:12:33-debug: [Assets Memory track]: asset-db-plugin-enable: builder start:117.07MB, end 297.67MB, increase: 180.60MB
2024-4-26 11:12:33-debug: run package(builder) handler(enable) success!
2024-4-26 11:12:33-debug: run package(shortcuts) handler(enable) start
2024-4-26 11:12:33-debug: run package(animation-graph) handler(enable) start
2024-4-26 11:12:33-debug: run package(animation-graph) handler(enable) success!
2024-4-26 11:12:33-debug: run package(about) handler(enable) start
2024-4-26 11:12:33-debug: run package(shortcuts) handler(enable) success!
2024-4-26 11:12:33-debug: run package(about) handler(enable) success!
2024-4-26 11:12:33-debug: run package(assets) handler(enable) start
2024-4-26 11:12:33-debug: run package(assets) handler(enable) success!
2024-4-26 11:12:33-debug: run package(console) handler(enable) start
2024-4-26 11:12:33-debug: run package(console) handler(enable) success!
2024-4-26 11:12:33-debug: run package(crash-reporter) handler(enable) start
2024-4-26 11:12:33-debug: run package(extension) handler(enable) start
2024-4-26 11:12:33-debug: run package(extension) handler(enable) success!
2024-4-26 11:12:33-debug: run package(hierarchy) handler(enable) success!
2024-4-26 11:12:33-debug: run package(hierarchy) handler(enable) start
2024-4-26 11:12:33-debug: run package(inspector) handler(enable) start
2024-4-26 11:12:33-debug: run package(inspector) handler(enable) success!
2024-4-26 11:12:33-debug: run package(light-probe) handler(enable) start
2024-4-26 11:12:33-debug: run package(light-probe) handler(enable) success!
2024-4-26 11:12:33-debug: run package(crash-reporter) handler(enable) success!
2024-4-26 11:12:33-debug: run package(lightmap) handler(enable) start
2024-4-26 11:12:33-debug: run package(lightmap) handler(enable) success!
2024-4-26 11:12:33-debug: run package(node-library) handler(enable) start
2024-4-26 11:12:33-debug: run package(node-library) handler(enable) success!
2024-4-26 11:12:33-debug: run package(package-asset) handler(enable) start
2024-4-26 11:12:33-debug: run package(process) handler(enable) start
2024-4-26 11:12:33-debug: run package(process) handler(enable) success!
2024-4-26 11:12:33-debug: run package(reference-image) handler(enable) start
2024-4-26 11:12:33-debug: run package(package-asset) handler(enable) success!
2024-4-26 11:12:33-debug: run package(reference-image) handler(enable) success!
2024-4-26 11:12:33-debug: run package(reflection-probe) handler(enable) success!
2024-4-26 11:12:33-debug: run package(reflection-probe) handler(enable) start
2024-4-26 11:12:33-debug: run package(engine-extends) handler(enable) start
2024-4-26 11:12:33-debug: run package(engine-extends) handler(enable) success!
2024-4-26 11:12:33-debug: run package(adsense-h5g-plugin) handler(enable) start
2024-4-26 11:12:33-debug: run package(adsense-h5g-plugin) handler(enable) success!
2024-4-26 11:12:33-debug: run package(alipay-mini-game) handler(enable) start
2024-4-26 11:12:33-debug: run package(android) handler(enable) start
2024-4-26 11:12:33-debug: run package(android) handler(enable) success!
2024-4-26 11:12:33-debug: run package(alipay-mini-game) handler(enable) success!
2024-4-26 11:12:33-debug: run package(bytedance-mini-game) handler(enable) success!
2024-4-26 11:12:33-debug: run package(bytedance-mini-game) handler(enable) start
2024-4-26 11:12:33-debug: run package(channel-upload-tools) handler(enable) start
2024-4-26 11:12:33-debug: run package(certificate) handler(enable) start
2024-4-26 11:12:33-debug: run package(channel-upload-tools) handler(enable) success!
2024-4-26 11:12:33-debug: run package(fb-instant-games) handler(enable) start
2024-4-26 11:12:33-debug: run package(certificate) handler(enable) success!
2024-4-26 11:12:33-debug: run package(fb-instant-games) handler(enable) success!
2024-4-26 11:12:33-debug: run package(huawei-agc) handler(enable) success!
2024-4-26 11:12:33-debug: run package(huawei-quick-game) handler(enable) success!
2024-4-26 11:12:33-debug: run package(ios) handler(enable) success!
2024-4-26 11:12:33-debug: run package(huawei-quick-game) handler(enable) start
2024-4-26 11:12:33-debug: run package(huawei-agc) handler(enable) start
2024-4-26 11:12:33-debug: run package(ios) handler(enable) start
2024-4-26 11:12:33-debug: run package(linux) handler(enable) success!
2024-4-26 11:12:33-debug: run package(mac) handler(enable) start
2024-4-26 11:12:33-debug: run package(mac) handler(enable) success!
2024-4-26 11:12:33-debug: run package(native) handler(enable) start
2024-4-26 11:12:33-debug: run package(native) handler(enable) success!
2024-4-26 11:12:33-debug: run package(ohos) handler(enable) start
2024-4-26 11:12:33-debug: run package(ohos) handler(enable) success!
2024-4-26 11:12:33-debug: run package(openharmony) handler(enable) start
2024-4-26 11:12:33-debug: run package(linux) handler(enable) start
2024-4-26 11:12:33-debug: run package(oppo-mini-game) handler(enable) start
2024-4-26 11:12:33-debug: run package(openharmony) handler(enable) success!
2024-4-26 11:12:33-debug: run package(oppo-mini-game) handler(enable) success!
2024-4-26 11:12:33-debug: run package(runtime-dev-tools) handler(enable) start
2024-4-26 11:12:33-debug: run package(runtime-dev-tools) handler(enable) success!
2024-4-26 11:12:33-debug: run package(taobao-creative-app) handler(enable) start
2024-4-26 11:12:33-debug: run package(taobao-creative-app) handler(enable) success!
2024-4-26 11:12:33-debug: run package(taobao-mini-game) handler(enable) start
2024-4-26 11:12:33-debug: run package(taobao-mini-game) handler(enable) success!
2024-4-26 11:12:33-debug: run package(vivo-mini-game) handler(enable) start
2024-4-26 11:12:33-debug: run package(vivo-mini-game) handler(enable) success!
2024-4-26 11:12:33-debug: run package(web-desktop) handler(enable) success!
2024-4-26 11:12:33-debug: run package(web-desktop) handler(enable) start
2024-4-26 11:12:33-debug: run package(web-mobile) handler(enable) start
2024-4-26 11:12:33-debug: run package(wechatgame) handler(enable) start
2024-4-26 11:12:33-debug: run package(web-mobile) handler(enable) success!
2024-4-26 11:12:33-debug: run package(wechatprogram) handler(enable) start
2024-4-26 11:12:33-debug: run package(wechatgame) handler(enable) success!
2024-4-26 11:12:33-debug: run package(wechatprogram) handler(enable) success!
2024-4-26 11:12:33-debug: run package(xiaomi-quick-game) handler(enable) start
2024-4-26 11:12:33-debug: run package(windows) handler(enable) start
2024-4-26 11:12:33-debug: run package(windows) handler(enable) success!
2024-4-26 11:12:33-debug: run package(xiaomi-quick-game) handler(enable) success!
2024-4-26 11:12:33-debug: run package(cocos-service) handler(enable) start
2024-4-26 11:12:33-debug: run package(cocos-service) handler(enable) success!
2024-4-26 11:12:33-debug: run package(im-plugin) handler(enable) start
2024-4-26 11:12:33-debug: run package(placeholder) handler(enable) start
2024-4-26 11:12:33-debug: run package(im-plugin) handler(enable) success!
2024-4-26 11:12:33-debug: run package(placeholder) handler(enable) success!
2024-4-26 11:12:33-debug: Set detail map pack:///resolution-detail-map.json: {}
2024-4-26 11:12:33-debug: Run asset db hook engine-extends:afterPreStart success!
2024-4-26 11:12:33-debug: Run asset db hook programming:afterPreStart success!
2024-4-26 11:12:33-debug: [Assets Memory track]: asset-db:worker-init: preStart start:94.99MB, end 299.74MB, increase: 204.75MB
2024-4-26 11:12:33-debug: Start up the 'internal' database...
2024-4-26 11:12:33-debug: Run asset db hook engine-extends:afterPreStart ...
2024-4-26 11:12:33-debug: asset-db-hook-programming-afterPreStart (9586ms)
2024-4-26 11:12:33-debug: asset-db:worker-effect-data-processing (100ms)
2024-4-26 11:12:33-debug: asset-db-hook-engine-extends-afterPreStart (101ms)
2024-4-26 11:12:33-debug: start asset-db(internal) with asset: 463
2024-4-26 11:12:33-debug: [Assets Memory track]: asset-db:worker-startup-database[internal] start:113.99MB, end 297.76MB, increase: 183.77MB
2024-4-26 11:12:33-debug: Start up the 'assets' database...
2024-4-26 11:12:33-debug: start asset-db(assets) with asset: 20
2024-4-26 11:12:33-debug: asset-db:worker-startup-database[internal] (9940ms)
2024-4-26 11:12:33-debug: [Assets Memory track]: asset-db:worker-startup-database[assets] start:116.71MB, end 298.68MB, increase: 181.96MB
2024-4-26 11:12:33-debug: asset-db:start-database (10626ms)
2024-4-26 11:12:33-debug: asset-db:worker-startup-database[assets] (9701ms)
2024-4-26 11:12:33-debug: asset-db:ready (17660ms)
2024-4-26 11:12:34-debug: [Build Memory track]: builder:worker-init start:296.20MB, end 309.50MB, increase: 13.30MB
2024-4-26 11:12:33-debug: init worker message success
2024-4-26 11:12:34-debug: programming:execute-script (34ms)
2024-4-26 11:12:34-debug: builder:worker-init (765ms)
2024-4-26 11:12:36-debug: programming:execute-script (8ms)
2024-4-26 11:17:21-debug: programming:execute-script (9ms)
2024-4-26 11:17:22-debug: Query all assets info in project
2024-4-26 11:17:22-debug:   Number of all scenes: 3
2024-4-26 11:17:22-debug:   Number of other assets: 430
2024-4-26 11:17:22-debug: init custom config: keepNodeUuid: false, useCache: true
2024-4-26 11:17:22-debug:   Number of all scripts: 3
2024-4-26 11:17:22-debug: reload all scripts.
2024-4-26 11:17:22-debug: Set detail map pack:///resolution-detail-map.json: {}
2024-4-26 11:17:22-debug: D:\Courses\Cocos\Cocos Projects\Test\temp\programming\packer-driver\targets\editor\chunks\93\93ba276ea7b26ffcdc433fab14afc1ed6f05647b.js resolved to D:\Courses\Cocos\Cocos Projects\Test\temp\programming\packer-driver\targets\editor\chunks\93\93ba276ea7b26ffcdc433fab14afc1ed6f05647b.js is not in module cache!
2024-4-26 11:17:22-debug: [[Executor]] Module "cce:/internal/x/cc-fu/gfx-webgl" loaded.
2024-4-26 11:17:22-debug: [[Executor]] Module "cce:/internal/x/cc-fu/gfx-webgl2" loaded.
2024-4-26 11:17:22-debug: [[Executor]] Module "cce:/internal/x/cc-fu/gfx-empty" loaded.
2024-4-26 11:17:22-debug: [[Executor]] Module "cce:/internal/x/cc-fu/base" loaded.
2024-4-26 11:17:22-debug: [[Executor]] Module "cce:/internal/x/cc-fu/3d" loaded.
2024-4-26 11:17:22-debug: [[Executor]] Module "cce:/internal/x/cc-fu/skeletal-animation" loaded.
2024-4-26 11:17:22-debug: [[Executor]] Module "cce:/internal/x/cc-fu/animation" loaded.
2024-4-26 11:17:22-debug: [[Executor]] Module "cce:/internal/x/cc-fu/2d" loaded.
2024-4-26 11:17:22-debug: [[Executor]] Module "cce:/internal/x/cc-fu/sorting" loaded.
2024-4-26 11:17:22-debug: [[Executor]] Module "cce:/internal/x/cc-fu/particle" loaded.
2024-4-26 11:17:22-debug: [[Executor]] Module "cce:/internal/x/cc-fu/ui" loaded.
2024-4-26 11:17:22-debug: [[Executor]] Module "cce:/internal/x/cc-fu/particle-2d" loaded.
2024-4-26 11:17:22-debug: [[Executor]] Module "cce:/internal/x/cc-fu/physics-framework" loaded.
2024-4-26 11:17:22-debug: [[Executor]] Module "cce:/internal/x/cc-fu/physics-2d-framework" loaded.
2024-4-26 11:17:22-debug: [[Executor]] Module "cce:/internal/x/cc-fu/physics-2d-box2d-wasm" loaded.
2024-4-26 11:17:22-debug: [[Executor]] Module "cce:/internal/x/cc-fu/primitive" loaded.
2024-4-26 11:17:22-debug: [[Executor]] Module "cce:/internal/x/cc-fu/intersection-2d" loaded.
2024-4-26 11:17:22-debug: [[Executor]] Module "cce:/internal/x/cc-fu/geometry-renderer" loaded.
2024-4-26 11:17:22-debug: [[Executor]] Module "cce:/internal/x/cc-fu/profiler" loaded.
2024-4-26 11:17:22-debug: [[Executor]] Module "cce:/internal/x/cc-fu/video" loaded.
2024-4-26 11:17:22-debug: [[Executor]] Module "cce:/internal/x/cc-fu/audio" loaded.
2024-4-26 11:17:22-debug: [[Executor]] Module "cce:/internal/x/cc-fu/xr" loaded.
2024-4-26 11:17:22-debug: [[Executor]] Module "cce:/internal/x/cc-fu/light-probe" loaded.
2024-4-26 11:17:22-debug: [[Executor]] Module "cce:/internal/x/cc-fu/terrain" loaded.
2024-4-26 11:17:22-debug: [[Executor]] Module "cce:/internal/x/cc-fu/webview" loaded.
2024-4-26 11:17:22-debug: [[Executor]] Module "cce:/internal/x/cc-fu/tween" loaded.
2024-4-26 11:17:22-debug: [[Executor]] Module "cce:/internal/x/cc-fu/tiled-map" loaded.
2024-4-26 11:17:22-debug: [[Executor]] Module "cce:/internal/x/cc-fu/spine" loaded.
2024-4-26 11:17:22-debug: [[Executor]] Module "cce:/internal/x/cc-fu/dragon-bones" loaded.
2024-4-26 11:17:22-debug: [[Executor]] Module "cce:/internal/x/cc-fu/custom-pipeline" loaded.
2024-4-26 11:17:22-debug: [[Executor]] Module "cce:/internal/x/cc-fu/gfx-webgl" loaded.
2024-4-26 11:17:22-debug: [[Executor]] Module "cce:/internal/x/cc-fu/base" loaded.
2024-4-26 11:17:22-debug: [[Executor]] Module "cce:/internal/x/cc-fu/gfx-webgl2" loaded.
2024-4-26 11:17:22-debug: [[Executor]] Module "cce:/internal/x/cc-fu/gfx-empty" loaded.
2024-4-26 11:17:22-debug: [[Executor]] Module "cce:/internal/x/cc-fu/animation" loaded.
2024-4-26 11:17:22-debug: [[Executor]] Module "cce:/internal/x/cc-fu/skeletal-animation" loaded.
2024-4-26 11:17:22-debug: [[Executor]] Module "cce:/internal/x/cc-fu/3d" loaded.
2024-4-26 11:17:22-debug: [[Executor]] Module "cce:/internal/x/cc-fu/2d" loaded.
2024-4-26 11:17:22-debug: [[Executor]] Module "cce:/internal/x/cc-fu/sorting" loaded.
2024-4-26 11:17:22-debug: [[Executor]] Module "cce:/internal/x/cc-fu/particle" loaded.
2024-4-26 11:17:22-debug: [[Executor]] Module "cce:/internal/x/cc-fu/ui" loaded.
2024-4-26 11:17:22-debug: [[Executor]] Module "cce:/internal/x/cc-fu/particle-2d" loaded.
2024-4-26 11:17:22-debug: [[Executor]] Module "cce:/internal/x/cc-fu/physics-2d-framework" loaded.
2024-4-26 11:17:22-debug: [[Executor]] Module "cce:/internal/x/cc-fu/physics-framework" loaded.
2024-4-26 11:17:22-debug: [[Executor]] Module "cce:/internal/x/cc-fu/physics-2d-box2d-wasm" loaded.
2024-4-26 11:17:22-debug: [[Executor]] Module "cce:/internal/x/cc-fu/primitive" loaded.
2024-4-26 11:17:22-debug: [[Executor]] Module "cce:/internal/x/cc-fu/intersection-2d" loaded.
2024-4-26 11:17:22-debug: [[Executor]] Module "cce:/internal/x/cc-fu/profiler" loaded.
2024-4-26 11:17:22-debug: [[Executor]] Module "cce:/internal/x/cc-fu/audio" loaded.
2024-4-26 11:17:22-debug: [[Executor]] Module "cce:/internal/x/cc-fu/geometry-renderer" loaded.
2024-4-26 11:17:22-debug: [[Executor]] Module "cce:/internal/x/cc-fu/xr" loaded.
2024-4-26 11:17:22-debug: [[Executor]] Module "cce:/internal/x/cc-fu/light-probe" loaded.
2024-4-26 11:17:22-debug: [[Executor]] Module "cce:/internal/x/cc-fu/terrain" loaded.
2024-4-26 11:17:22-debug: [[Executor]] Module "cce:/internal/x/cc-fu/video" loaded.
2024-4-26 11:17:22-debug: [[Executor]] Module "cce:/internal/x/cc-fu/webview" loaded.
2024-4-26 11:17:22-debug: [[Executor]] Module "cce:/internal/x/cc-fu/tween" loaded.
2024-4-26 11:17:22-debug: [[Executor]] Module "cce:/internal/x/cc-fu/tiled-map" loaded.
2024-4-26 11:17:22-debug: [[Executor]] Module "cce:/internal/x/cc-fu/spine" loaded.
2024-4-26 11:17:22-debug: [[Executor]] Module "cce:/internal/x/cc-fu/dragon-bones" loaded.
2024-4-26 11:17:22-debug: [[Executor]] Module "cce:/internal/x/cc-fu/custom-pipeline" loaded.
2024-4-26 11:17:22-debug: [[Executor]] Module "pack:///chunks/93/93ba276ea7b26ffcdc433fab14afc1ed6f05647b.js" loaded.
2024-4-26 11:17:22-debug: [[Executor]] Module "pack:///chunks/93/93ba276ea7b26ffcdc433fab14afc1ed6f05647b.js" loaded.
2024-4-26 11:17:22-debug: Invalidating 'pack:///chunks/93/93ba276ea7b26ffcdc433fab14afc1ed6f05647b.js'
2024-4-26 11:17:22-debug: D:\Courses\Cocos\Cocos Projects\Test\temp\programming\packer-driver\targets\editor\chunks\6d\6d8fd2b0177941b032ddc0733af48a561fb60657.js resolved to D:\Courses\Cocos\Cocos Projects\Test\temp\programming\packer-driver\targets\editor\chunks\6d\6d8fd2b0177941b032ddc0733af48a561fb60657.js is not in module cache!
2024-4-26 11:17:22-debug: [[Executor]] Module "pack:///chunks/6d/6d8fd2b0177941b032ddc0733af48a561fb60657.js" loaded.
2024-4-26 11:17:22-debug: [[Executor]] Register DebugViewRuntimeControl
2024-4-26 11:17:22-debug: D:\Courses\Cocos\Cocos Projects\Test\temp\programming\packer-driver\targets\editor\chunks\b1\b125f9d2b5256259980950bcace2367b045770e5.js resolved to D:\Courses\Cocos\Cocos Projects\Test\temp\programming\packer-driver\targets\editor\chunks\b1\b125f9d2b5256259980950bcace2367b045770e5.js is not in module cache!
2024-4-26 11:17:22-debug: [[Executor]] Module "pack:///chunks/b1/b125f9d2b5256259980950bcace2367b045770e5.js" loaded.
2024-4-26 11:17:22-debug: D:\Courses\Cocos\Cocos Projects\Test\temp\programming\packer-driver\targets\editor\chunks\ec\ec51712dbe2bd3beba20a1306bd60cc6c4e2d51e.js resolved to D:\Courses\Cocos\Cocos Projects\Test\temp\programming\packer-driver\targets\editor\chunks\ec\ec51712dbe2bd3beba20a1306bd60cc6c4e2d51e.js is not in module cache!
2024-4-26 11:17:22-debug: [[Executor]] Register HelloWorld
2024-4-26 11:17:22-debug: [[Executor]] Module "pack:///chunks/ec/ec51712dbe2bd3beba20a1306bd60cc6c4e2d51e.js" loaded.
2024-4-26 11:17:22-debug: D:\Courses\Cocos\Cocos Projects\Test\temp\programming\packer-driver\targets\editor\chunks\1d\1d0eeee8b268de3b27277851a0b8790adac27599.js resolved to D:\Courses\Cocos\Cocos Projects\Test\temp\programming\packer-driver\targets\editor\chunks\1d\1d0eeee8b268de3b27277851a0b8790adac27599.js is not in module cache!
2024-4-26 11:17:22-debug: [[Executor]] Register test01
2024-4-26 11:17:22-debug: [[Executor]] Module "pack:///chunks/1d/1d0eeee8b268de3b27277851a0b8790adac27599.js" loaded.
2024-4-26 11:17:22-debug: [[Executor]] Module "pack:///chunks/6d/6d8fd2b0177941b032ddc0733af48a561fb60657.js" loaded.
2024-4-26 11:17:22-debug: Query asset bundle start0%
2024-4-26 11:17:22-debug: Incremental keys: 
2024-4-26 11:17:22-debug: // ---- build task Query asset bundle ----
2024-4-26 11:17:22-debug: Query preload assets from cc.config.json: 60f7195c-ec2a-45eb-ba94-8955f60e81d0,1c02ae6f-4492-4915-b8f8-7492a3b1e4cd,810e96e4-e456-4468-9b59-f4e8f39732c0,efe8e2a3-eace-427b-b4f1-cb8a937ec77d,e9aa9a3e-5b2b-4ac7-a2c7-073de2b2b24f,8bbdbcdd-5cd4-4100-b6d5-b7c9625b6107,50f4348b-c883-4e2f-8f11-ce233b859fa1,fda095cb-831d-4601-ad94-846013963de8,f92806d7-1768-443f-afe8-12bcde84d0f0,dd3a144d-ab7f-41f0-82b8-2e43a090d496,f0416e68-0200-4b77-a926-4f9d16e494da,511d2633-09a7-4bdd-ac42-f778032124b3,5d45aa00-e064-4938-b314-4265f0c2258c,9361fd90-ba52-4f84-aa93-6e878fd576ca,970b0598-bcb0-4714-91fb-2e81440dccd8,bcd64cc6-2dd9-43f6-abbe-66318d332032,d930590d-bb92-4cc8-8bd1-23cd027f9edf,a3cd009f-0ab0-420d-9278-b9fdab939bbc,c27215d8-6835-4b68-bfbb-bdeac6100c04,b5d6115f-0370-4d7c-aad3-c194cc71cf98,d1346436-ac96-4271-b863-1f4fdead95b0,971bdb23-3ff6-43eb-b422-1c30165a3663,17debcc3-0a6b-4b8a-b00b-dc58b885581e,711ebe11-f673-4cd9-9a83-63c60ba54c5b,c0143906-9aed-447e-9436-2ae8512d1b6e,14da1725-c4c2-42b4-ab08-ee0aeb6898b3,081cab31-dccd-428e-8652-f2404cc81c47,78e0584a-4343-4727-8f37-e14e65c2a2db,ba21476f-2866-4f81-9c4d-6e359316e448,871c3b6c-7379-419d-bda3-794b239ab90d,1d08ef62-a503-4ce2-8b9a-46c90873f7d3
2024-4-26 11:17:22-debug: run build task Query asset bundle success in 24 ms √5%
2024-4-26 11:17:22-debug: [Build Memory track]: Query asset bundle start:273.53MB, end 273.32MB, increase: -206.68KB
2024-4-26 11:17:22-debug: // ---- build task Query asset bundle ---- (24ms)
2024-4-26 11:17:22-debug: // ---- build task Query asset bundle ----
2024-4-26 11:17:22-debug: Query asset bundle start5%
2024-4-26 11:17:22-debug: // ---- build task Query asset bundle ---- (1ms)
2024-4-26 11:17:22-debug: Sort some build options to settings.json start10%
2024-4-26 11:17:22-debug: [Build Memory track]: Query asset bundle start:273.34MB, end 273.35MB, increase: 15.69KB
2024-4-26 11:17:22-debug: run build task Query asset bundle success in 1 ms √10%
2024-4-26 11:17:22-debug: // ---- build task Sort some build options to settings.json ----
2024-4-26 11:17:22-debug: // ---- build task Sort some build options to settings.json ---- (2ms)
2024-4-26 11:17:22-debug: run build task Sort some build options to settings.json success in 2 ms √12%
2024-4-26 11:17:22-debug: [Build Memory track]: Sort some build options to settings.json start:273.37MB, end 273.39MB, increase: 21.99KB
2024-4-26 11:17:22-debug: Fill script data to settings start12%
2024-4-26 11:17:22-debug: // ---- build task Fill script data to settings ----
2024-4-26 11:17:22-debug: // ---- build task Fill script data to settings ---- (3ms)
2024-4-26 11:17:22-debug: run build task Fill script data to settings success in 3 ms √13%
2024-4-26 11:17:22-debug: [Build Memory track]: Fill script data to settings start:273.41MB, end 273.43MB, increase: 18.08KB
2024-4-26 11:17:22-debug: // ---- build task Sort some build options to settings.json ----
2024-4-26 11:17:22-debug: Sort some build options to settings.json start13%
2024-4-26 11:17:22-debug: // ---- build task Sort some build options to settings.json ---- (5ms)
2024-4-26 11:17:22-debug: run build task Sort some build options to settings.json success in 5 ms √15%
2024-4-26 11:17:22-debug: [Build Memory track]: Sort some build options to settings.json start:273.44MB, end 273.85MB, increase: 414.23KB
2024-4-26 11:18:56-debug: programming:execute-script (9ms)
2024-4-26 11:18:57-debug: Query all assets info in project
2024-4-26 11:18:57-debug: init custom config: keepNodeUuid: false, useCache: true
2024-4-26 11:18:57-debug:   Number of all scenes: 3
2024-4-26 11:18:57-debug:   Number of other assets: 430
2024-4-26 11:18:57-debug:   Number of all scripts: 3
2024-4-26 11:18:57-debug: reload all scripts.
2024-4-26 11:18:57-debug: Set detail map pack:///resolution-detail-map.json: {}
2024-4-26 11:18:57-debug: Unregister DebugViewRuntimeControl
2024-4-26 11:18:57-debug: Unregister test01
2024-4-26 11:18:57-debug: Unregister HelloWorld
2024-4-26 11:18:57-debug: Invalidating 'pack:///chunks/93/93ba276ea7b26ffcdc433fab14afc1ed6f05647b.js'
2024-4-26 11:18:57-debug: Invalidating 'pack:///chunks/6d/6d8fd2b0177941b032ddc0733af48a561fb60657.js'
2024-4-26 11:18:57-debug: Invalidating 'pack:///chunks/b1/b125f9d2b5256259980950bcace2367b045770e5.js'
2024-4-26 11:18:57-debug: Invalidating 'pack:///chunks/ec/ec51712dbe2bd3beba20a1306bd60cc6c4e2d51e.js'
2024-4-26 11:18:57-debug: Invalidating 'pack:///chunks/1d/1d0eeee8b268de3b27277851a0b8790adac27599.js'
2024-4-26 11:18:57-debug: [[Executor]] Module "pack:///chunks/93/93ba276ea7b26ffcdc433fab14afc1ed6f05647b.js" loaded.
2024-4-26 11:18:57-debug: [[Executor]] Register DebugViewRuntimeControl
2024-4-26 11:18:57-debug: [[Executor]] Module "pack:///chunks/6d/6d8fd2b0177941b032ddc0733af48a561fb60657.js" loaded.
2024-4-26 11:18:57-debug: [[Executor]] Register HelloWorld
2024-4-26 11:18:57-debug: [[Executor]] Module "pack:///chunks/b1/b125f9d2b5256259980950bcace2367b045770e5.js" loaded.
2024-4-26 11:18:57-debug: [[Executor]] Module "pack:///chunks/ec/ec51712dbe2bd3beba20a1306bd60cc6c4e2d51e.js" loaded.
2024-4-26 11:18:57-debug: [[Executor]] Register test01
2024-4-26 11:18:57-debug: [[Executor]] Module "pack:///chunks/6d/6d8fd2b0177941b032ddc0733af48a561fb60657.js" loaded.
2024-4-26 11:18:57-debug: [[Executor]] Module "pack:///chunks/1d/1d0eeee8b268de3b27277851a0b8790adac27599.js" loaded.
2024-4-26 11:18:57-debug: Incremental keys: 
2024-4-26 11:18:57-debug: Query asset bundle start0%
2024-4-26 11:18:57-debug: // ---- build task Query asset bundle ----
2024-4-26 11:18:57-debug: Query preload assets from cc.config.json: 60f7195c-ec2a-45eb-ba94-8955f60e81d0,1c02ae6f-4492-4915-b8f8-7492a3b1e4cd,810e96e4-e456-4468-9b59-f4e8f39732c0,efe8e2a3-eace-427b-b4f1-cb8a937ec77d,e9aa9a3e-5b2b-4ac7-a2c7-073de2b2b24f,8bbdbcdd-5cd4-4100-b6d5-b7c9625b6107,50f4348b-c883-4e2f-8f11-ce233b859fa1,fda095cb-831d-4601-ad94-846013963de8,f92806d7-1768-443f-afe8-12bcde84d0f0,dd3a144d-ab7f-41f0-82b8-2e43a090d496,f0416e68-0200-4b77-a926-4f9d16e494da,511d2633-09a7-4bdd-ac42-f778032124b3,5d45aa00-e064-4938-b314-4265f0c2258c,9361fd90-ba52-4f84-aa93-6e878fd576ca,970b0598-bcb0-4714-91fb-2e81440dccd8,bcd64cc6-2dd9-43f6-abbe-66318d332032,d930590d-bb92-4cc8-8bd1-23cd027f9edf,a3cd009f-0ab0-420d-9278-b9fdab939bbc,c27215d8-6835-4b68-bfbb-bdeac6100c04,b5d6115f-0370-4d7c-aad3-c194cc71cf98,d1346436-ac96-4271-b863-1f4fdead95b0,971bdb23-3ff6-43eb-b422-1c30165a3663,17debcc3-0a6b-4b8a-b00b-dc58b885581e,711ebe11-f673-4cd9-9a83-63c60ba54c5b,c0143906-9aed-447e-9436-2ae8512d1b6e,14da1725-c4c2-42b4-ab08-ee0aeb6898b3,081cab31-dccd-428e-8652-f2404cc81c47,78e0584a-4343-4727-8f37-e14e65c2a2db,ba21476f-2866-4f81-9c4d-6e359316e448,871c3b6c-7379-419d-bda3-794b239ab90d,1d08ef62-a503-4ce2-8b9a-46c90873f7d3
2024-4-26 11:18:57-debug: // ---- build task Query asset bundle ---- (16ms)
2024-4-26 11:18:57-debug: run build task Query asset bundle success in 16 ms √5%
2024-4-26 11:18:57-debug: [Build Memory track]: Query asset bundle start:275.83MB, end 276.71MB, increase: 899.86KB
2024-4-26 11:18:57-debug: Query asset bundle start5%
2024-4-26 11:18:57-debug: // ---- build task Query asset bundle ----
2024-4-26 11:18:57-debug: // ---- build task Query asset bundle ---- (1ms)
2024-4-26 11:18:57-debug: [Build Memory track]: Query asset bundle start:276.72MB, end 276.74MB, increase: 15.66KB
2024-4-26 11:18:57-debug: run build task Query asset bundle success in 1 ms √10%
2024-4-26 11:18:57-debug: // ---- build task Sort some build options to settings.json ----
2024-4-26 11:18:57-debug: Sort some build options to settings.json start10%
2024-4-26 11:18:57-debug: // ---- build task Sort some build options to settings.json ---- (1ms)
2024-4-26 11:18:57-debug: [Build Memory track]: Sort some build options to settings.json start:276.75MB, end 276.77MB, increase: 18.69KB
2024-4-26 11:18:57-debug: Fill script data to settings start12%
2024-4-26 11:18:57-debug: // ---- build task Fill script data to settings ----
2024-4-26 11:18:57-debug: run build task Sort some build options to settings.json success in 1 ms √12%
2024-4-26 11:18:57-debug: run build task Fill script data to settings success in 1 ms √13%
2024-4-26 11:18:57-debug: [Build Memory track]: Fill script data to settings start:276.78MB, end 276.80MB, increase: 16.65KB
2024-4-26 11:18:57-debug: // ---- build task Fill script data to settings ---- (1ms)
2024-4-26 11:18:57-debug: Sort some build options to settings.json start13%
2024-4-26 11:18:57-debug: // ---- build task Sort some build options to settings.json ----
2024-4-26 11:18:57-debug: // ---- build task Sort some build options to settings.json ---- (6ms)
2024-4-26 11:18:57-debug: run build task Sort some build options to settings.json success in 6 ms √15%
2024-4-26 11:18:57-debug: [Build Memory track]: Sort some build options to settings.json start:276.82MB, end 276.94MB, increase: 122.25KB
2024-4-26 11:19:09-debug: programming:execute-script (8ms)
2024-4-26 11:19:10-debug: Query all assets info in project
2024-4-26 11:19:10-debug: init custom config: keepNodeUuid: false, useCache: true
2024-4-26 11:19:10-debug:   Number of all scenes: 3
2024-4-26 11:19:10-debug:   Number of other assets: 430
2024-4-26 11:19:10-debug:   Number of all scripts: 3
2024-4-26 11:19:10-debug: reload all scripts.
2024-4-26 11:19:10-debug: Set detail map pack:///resolution-detail-map.json: {}
2024-4-26 11:19:10-debug: Unregister HelloWorld
2024-4-26 11:19:10-debug: Unregister DebugViewRuntimeControl
2024-4-26 11:19:10-debug: Unregister test01
2024-4-26 11:19:10-debug: Invalidating 'pack:///chunks/93/93ba276ea7b26ffcdc433fab14afc1ed6f05647b.js'
2024-4-26 11:19:10-debug: Invalidating 'pack:///chunks/b1/b125f9d2b5256259980950bcace2367b045770e5.js'
2024-4-26 11:19:10-debug: Invalidating 'pack:///chunks/6d/6d8fd2b0177941b032ddc0733af48a561fb60657.js'
2024-4-26 11:19:10-debug: Invalidating 'pack:///chunks/ec/ec51712dbe2bd3beba20a1306bd60cc6c4e2d51e.js'
2024-4-26 11:19:10-debug: [[Executor]] Module "pack:///chunks/93/93ba276ea7b26ffcdc433fab14afc1ed6f05647b.js" loaded.
2024-4-26 11:19:10-debug: Invalidating 'pack:///chunks/1d/1d0eeee8b268de3b27277851a0b8790adac27599.js'
2024-4-26 11:19:10-debug: [[Executor]] Module "pack:///chunks/6d/6d8fd2b0177941b032ddc0733af48a561fb60657.js" loaded.
2024-4-26 11:19:10-debug: [[Executor]] Register DebugViewRuntimeControl
2024-4-26 11:19:10-debug: [[Executor]] Module "pack:///chunks/b1/b125f9d2b5256259980950bcace2367b045770e5.js" loaded.
2024-4-26 11:19:10-debug: [[Executor]] Register HelloWorld
2024-4-26 11:19:10-debug: [[Executor]] Module "pack:///chunks/ec/ec51712dbe2bd3beba20a1306bd60cc6c4e2d51e.js" loaded.
2024-4-26 11:19:10-debug: [[Executor]] Register test01
2024-4-26 11:19:10-debug: [[Executor]] Module "pack:///chunks/6d/6d8fd2b0177941b032ddc0733af48a561fb60657.js" loaded.
2024-4-26 11:19:10-debug: [[Executor]] Module "pack:///chunks/1d/1d0eeee8b268de3b27277851a0b8790adac27599.js" loaded.
2024-4-26 11:19:10-debug: Query asset bundle start0%
2024-4-26 11:19:10-debug: Incremental keys: 
2024-4-26 11:19:10-debug: // ---- build task Query asset bundle ----
2024-4-26 11:19:10-debug: Query preload assets from cc.config.json: 60f7195c-ec2a-45eb-ba94-8955f60e81d0,1c02ae6f-4492-4915-b8f8-7492a3b1e4cd,810e96e4-e456-4468-9b59-f4e8f39732c0,efe8e2a3-eace-427b-b4f1-cb8a937ec77d,e9aa9a3e-5b2b-4ac7-a2c7-073de2b2b24f,8bbdbcdd-5cd4-4100-b6d5-b7c9625b6107,50f4348b-c883-4e2f-8f11-ce233b859fa1,fda095cb-831d-4601-ad94-846013963de8,f92806d7-1768-443f-afe8-12bcde84d0f0,dd3a144d-ab7f-41f0-82b8-2e43a090d496,f0416e68-0200-4b77-a926-4f9d16e494da,511d2633-09a7-4bdd-ac42-f778032124b3,5d45aa00-e064-4938-b314-4265f0c2258c,9361fd90-ba52-4f84-aa93-6e878fd576ca,970b0598-bcb0-4714-91fb-2e81440dccd8,bcd64cc6-2dd9-43f6-abbe-66318d332032,d930590d-bb92-4cc8-8bd1-23cd027f9edf,a3cd009f-0ab0-420d-9278-b9fdab939bbc,c27215d8-6835-4b68-bfbb-bdeac6100c04,b5d6115f-0370-4d7c-aad3-c194cc71cf98,d1346436-ac96-4271-b863-1f4fdead95b0,971bdb23-3ff6-43eb-b422-1c30165a3663,17debcc3-0a6b-4b8a-b00b-dc58b885581e,711ebe11-f673-4cd9-9a83-63c60ba54c5b,c0143906-9aed-447e-9436-2ae8512d1b6e,14da1725-c4c2-42b4-ab08-ee0aeb6898b3,081cab31-dccd-428e-8652-f2404cc81c47,78e0584a-4343-4727-8f37-e14e65c2a2db,ba21476f-2866-4f81-9c4d-6e359316e448,871c3b6c-7379-419d-bda3-794b239ab90d,1d08ef62-a503-4ce2-8b9a-46c90873f7d3
2024-4-26 11:19:10-debug: run build task Query asset bundle success in 18 ms √5%
2024-4-26 11:19:10-debug: [Build Memory track]: Query asset bundle start:279.20MB, end 278.53MB, increase: -685.86KB
2024-4-26 11:19:10-debug: Query asset bundle start5%
2024-4-26 11:19:10-debug: // ---- build task Query asset bundle ---- (18ms)
2024-4-26 11:19:10-debug: // ---- build task Query asset bundle ----
2024-4-26 11:19:10-debug: run build task Query asset bundle success in 1 ms √10%
2024-4-26 11:19:10-debug: [Build Memory track]: Query asset bundle start:278.54MB, end 278.56MB, increase: 15.66KB
2024-4-26 11:19:10-debug: Sort some build options to settings.json start10%
2024-4-26 11:19:10-debug: // ---- build task Sort some build options to settings.json ----
2024-4-26 11:19:10-debug: // ---- build task Query asset bundle ---- (1ms)
2024-4-26 11:19:10-debug: // ---- build task Sort some build options to settings.json ---- (1ms)
2024-4-26 11:19:10-debug: [Build Memory track]: Sort some build options to settings.json start:278.57MB, end 278.59MB, increase: 18.07KB
2024-4-26 11:19:10-debug: run build task Sort some build options to settings.json success in 1 ms √12%
2024-4-26 11:19:10-debug: Fill script data to settings start12%
2024-4-26 11:19:10-debug: // ---- build task Fill script data to settings ----
2024-4-26 11:19:10-debug: // ---- build task Fill script data to settings ---- (1ms)
2024-4-26 11:19:10-debug: run build task Fill script data to settings success in 1 ms √13%
2024-4-26 11:19:10-debug: [Build Memory track]: Fill script data to settings start:278.60MB, end 278.63MB, increase: 22.87KB
2024-4-26 11:19:10-debug: Sort some build options to settings.json start13%
2024-4-26 11:19:10-debug: // ---- build task Sort some build options to settings.json ----
2024-4-26 11:19:10-debug: // ---- build task Sort some build options to settings.json ---- (5ms)
2024-4-26 11:19:10-debug: run build task Sort some build options to settings.json success in 5 ms √15%
2024-4-26 11:19:10-debug: [Build Memory track]: Sort some build options to settings.json start:278.64MB, end 278.77MB, increase: 128.23KB
2024-4-26 11:19:45-debug: programming:execute-script (8ms)
2024-4-26 11:19:46-debug: Query all assets info in project
2024-4-26 11:19:46-debug: init custom config: keepNodeUuid: false, useCache: true
2024-4-26 11:19:46-debug:   Number of all scripts: 3
2024-4-26 11:19:46-debug:   Number of other assets: 430
2024-4-26 11:19:46-debug:   Number of all scenes: 3
2024-4-26 11:19:46-debug: reload all scripts.
2024-4-26 11:19:46-debug: Set detail map pack:///resolution-detail-map.json: {}
2024-4-26 11:19:46-debug: Unregister DebugViewRuntimeControl
2024-4-26 11:19:46-debug: Unregister HelloWorld
2024-4-26 11:19:46-debug: Invalidating 'pack:///chunks/93/93ba276ea7b26ffcdc433fab14afc1ed6f05647b.js'
2024-4-26 11:19:46-debug: Unregister test01
2024-4-26 11:19:46-debug: Invalidating 'pack:///chunks/6d/6d8fd2b0177941b032ddc0733af48a561fb60657.js'
2024-4-26 11:19:46-debug: Invalidating 'pack:///chunks/b1/b125f9d2b5256259980950bcace2367b045770e5.js'
2024-4-26 11:19:46-debug: Invalidating 'pack:///chunks/1d/1d0eeee8b268de3b27277851a0b8790adac27599.js'
2024-4-26 11:19:46-debug: [[Executor]] Module "pack:///chunks/93/93ba276ea7b26ffcdc433fab14afc1ed6f05647b.js" loaded.
2024-4-26 11:19:46-debug: Invalidating 'pack:///chunks/ec/ec51712dbe2bd3beba20a1306bd60cc6c4e2d51e.js'
2024-4-26 11:19:46-debug: [[Executor]] Module "pack:///chunks/6d/6d8fd2b0177941b032ddc0733af48a561fb60657.js" loaded.
2024-4-26 11:19:46-debug: [[Executor]] Register DebugViewRuntimeControl
2024-4-26 11:19:46-debug: [[Executor]] Module "pack:///chunks/b1/b125f9d2b5256259980950bcace2367b045770e5.js" loaded.
2024-4-26 11:19:46-debug: [[Executor]] Module "pack:///chunks/ec/ec51712dbe2bd3beba20a1306bd60cc6c4e2d51e.js" loaded.
2024-4-26 11:19:46-debug: [[Executor]] Register test01
2024-4-26 11:19:46-debug: [[Executor]] Register HelloWorld
2024-4-26 11:19:46-debug: [[Executor]] Module "pack:///chunks/1d/1d0eeee8b268de3b27277851a0b8790adac27599.js" loaded.
2024-4-26 11:19:46-debug: Incremental keys: 
2024-4-26 11:19:46-debug: [[Executor]] Module "pack:///chunks/6d/6d8fd2b0177941b032ddc0733af48a561fb60657.js" loaded.
2024-4-26 11:19:46-debug: // ---- build task Query asset bundle ----
2024-4-26 11:19:46-debug: Query asset bundle start0%
2024-4-26 11:19:46-debug: Query preload assets from cc.config.json: 60f7195c-ec2a-45eb-ba94-8955f60e81d0,1c02ae6f-4492-4915-b8f8-7492a3b1e4cd,810e96e4-e456-4468-9b59-f4e8f39732c0,efe8e2a3-eace-427b-b4f1-cb8a937ec77d,e9aa9a3e-5b2b-4ac7-a2c7-073de2b2b24f,8bbdbcdd-5cd4-4100-b6d5-b7c9625b6107,50f4348b-c883-4e2f-8f11-ce233b859fa1,fda095cb-831d-4601-ad94-846013963de8,f92806d7-1768-443f-afe8-12bcde84d0f0,dd3a144d-ab7f-41f0-82b8-2e43a090d496,f0416e68-0200-4b77-a926-4f9d16e494da,511d2633-09a7-4bdd-ac42-f778032124b3,5d45aa00-e064-4938-b314-4265f0c2258c,9361fd90-ba52-4f84-aa93-6e878fd576ca,970b0598-bcb0-4714-91fb-2e81440dccd8,bcd64cc6-2dd9-43f6-abbe-66318d332032,d930590d-bb92-4cc8-8bd1-23cd027f9edf,a3cd009f-0ab0-420d-9278-b9fdab939bbc,c27215d8-6835-4b68-bfbb-bdeac6100c04,b5d6115f-0370-4d7c-aad3-c194cc71cf98,d1346436-ac96-4271-b863-1f4fdead95b0,971bdb23-3ff6-43eb-b422-1c30165a3663,17debcc3-0a6b-4b8a-b00b-dc58b885581e,711ebe11-f673-4cd9-9a83-63c60ba54c5b,c0143906-9aed-447e-9436-2ae8512d1b6e,14da1725-c4c2-42b4-ab08-ee0aeb6898b3,081cab31-dccd-428e-8652-f2404cc81c47,78e0584a-4343-4727-8f37-e14e65c2a2db,ba21476f-2866-4f81-9c4d-6e359316e448,871c3b6c-7379-419d-bda3-794b239ab90d,1d08ef62-a503-4ce2-8b9a-46c90873f7d3
2024-4-26 11:19:46-debug: run build task Query asset bundle success in 17 ms √5%
2024-4-26 11:19:46-debug: [Build Memory track]: Query asset bundle start:280.47MB, end 280.06MB, increase: -424.50KB
2024-4-26 11:19:46-debug: Query asset bundle start5%
2024-4-26 11:19:46-debug: // ---- build task Query asset bundle ---- (17ms)
2024-4-26 11:19:46-debug: // ---- build task Query asset bundle ----
2024-4-26 11:19:46-debug: // ---- build task Query asset bundle ---- (1ms)
2024-4-26 11:19:46-debug: run build task Query asset bundle success in 1 ms √10%
2024-4-26 11:19:46-debug: [Build Memory track]: Query asset bundle start:280.07MB, end 280.09MB, increase: 18.95KB
2024-4-26 11:19:46-debug: Sort some build options to settings.json start10%
2024-4-26 11:19:46-debug: // ---- build task Sort some build options to settings.json ----
2024-4-26 11:19:46-debug: // ---- build task Sort some build options to settings.json ---- (1ms)
2024-4-26 11:19:46-debug: run build task Sort some build options to settings.json success in 1 ms √12%
2024-4-26 11:19:46-debug: [Build Memory track]: Sort some build options to settings.json start:280.11MB, end 280.13MB, increase: 19.69KB
2024-4-26 11:19:46-debug: // ---- build task Fill script data to settings ----
2024-4-26 11:19:46-debug: Fill script data to settings start12%
2024-4-26 11:19:46-debug: // ---- build task Fill script data to settings ---- (1ms)
2024-4-26 11:19:46-debug: run build task Fill script data to settings success in 1 ms √13%
2024-4-26 11:19:46-debug: [Build Memory track]: Fill script data to settings start:280.14MB, end 280.16MB, increase: 16.91KB
2024-4-26 11:19:46-debug: // ---- build task Sort some build options to settings.json ----
2024-4-26 11:19:46-debug: Sort some build options to settings.json start13%
2024-4-26 11:19:46-debug: // ---- build task Sort some build options to settings.json ---- (5ms)
2024-4-26 11:19:46-debug: [Build Memory track]: Sort some build options to settings.json start:280.17MB, end 280.29MB, increase: 120.21KB
2024-4-26 11:19:46-debug: run build task Sort some build options to settings.json success in 5 ms √15%
2024-4-26 11:25:20-debug: refresh db internal success
2024-4-26 11:25:20-debug: %cImport%c: D:\Courses\Cocos\Cocos Projects\Test\assets\Scripts\HelloWorld.tsbackground: #aaff85; color: #000;color: #000;
2024-4-26 11:25:20-debug: refresh db assets success
2024-4-26 11:25:20-debug: Run asset db hook engine-extends:afterRefresh ...
2024-4-26 11:25:20-debug: Run asset db hook engine-extends:afterRefresh success!
2024-4-26 11:25:20-debug: asset-db:refresh-all-database (134ms)
2024-4-26 11:25:20-debug: asset-db:worker-effect-data-processing (3ms)
2024-4-26 11:25:20-debug: asset-db-hook-engine-extends-afterRefresh (3ms)
2024-4-26 11:25:22-debug: refresh db internal success
2024-4-26 11:25:22-debug: Run asset db hook engine-extends:afterRefresh success!
2024-4-26 11:25:22-debug: Run asset db hook engine-extends:afterRefresh ...
2024-4-26 11:25:22-debug: refresh db assets success
2024-4-26 11:25:22-debug: asset-db:refresh-all-database (118ms)
2024-4-26 11:25:22-debug: asset-db-hook-engine-extends-afterRefresh (2ms)
2024-4-26 11:25:22-debug: asset-db:worker-effect-data-processing (1ms)
2024-4-26 11:25:24-debug: start refresh asset from D:\Courses\Cocos\Cocos Projects\Test\assets\Scenes\1.scene...
2024-4-26 11:25:24-debug: %cImport%c: D:\Courses\Cocos\Cocos Projects\Test\assets\Scenes\1.scenebackground: #aaff85; color: #000;color: #000;
2024-4-26 11:25:24-debug: refresh asset D:\Courses\Cocos\Cocos Projects\Test\assets\Scenes success
